<?xml version="1.0" encoding="UTF-8"?>
<!-- Generated by org.testng.reporters.JUnitXMLReporter -->
<testsuite ignored="0" hostname="LAPTOP-D6IT8EFO" failures="0" tests="3" name="RegressionRun" time="165.781" errors="0" timestamp="2023-05-23T18:55:01 IST">
  <testcase classname="com.sevenmartsupermarket.base.Base" name="@BeforeMethod launchBrowser" time="8.939">
    <failure type="org.openqa.selenium.SessionNotCreatedException" message="Could not start a new session. Response code 500. Message: session not created
from no such execution context: uniqueContextId not found
  (Session info: chrome=113.0.5672.127) 
Host info: host: &amp;apos;LAPTOP-D6IT8EFO&amp;apos;, ip: &amp;apos;192.168.1.5&amp;apos;
Build info: version: &amp;apos;4.9.1&amp;apos;, revision: &amp;apos;eb2032df7f&amp;apos;
System info: os.name: &amp;apos;Windows 11&amp;apos;, os.arch: &amp;apos;amd64&amp;apos;, os.version: &amp;apos;10.0&amp;apos;, java.version: &amp;apos;17.0.4.1&amp;apos;
Driver info: org.openqa.selenium.chrome.ChromeDriver
Command: [null, newSession {capabilities=[Capabilities {browserName: chrome, goog:chromeOptions: {args: [--remote-allow-origins=*], extensions: []}}]}]">
      <![CDATA[org.openqa.selenium.SessionNotCreatedException: Could not start a new session. Response code 500. Message: session not created
from no such execution context: uniqueContextId not found
  (Session info: chrome=113.0.5672.127) 
Host info: host: 'LAPTOP-D6IT8EFO', ip: '192.168.1.5'
Build info: version: '4.9.1', revision: 'eb2032df7f'
System info: os.name: 'Windows 11', os.arch: 'amd64', os.version: '10.0', java.version: '17.0.4.1'
Driver info: org.openqa.selenium.chrome.ChromeDriver
Command: [null, newSession {capabilities=[Capabilities {browserName: chrome, goog:chromeOptions: {args: [--remote-allow-origins=*], extensions: []}}]}]
at org.openqa.selenium.remote.ProtocolHandshake.createSession(ProtocolHandshake.java:136)
at org.openqa.selenium.remote.ProtocolHandshake.createSession(ProtocolHandshake.java:94)
at org.openqa.selenium.remote.ProtocolHandshake.createSession(ProtocolHandshake.java:68)
at org.openqa.selenium.remote.HttpCommandExecutor.execute(HttpCommandExecutor.java:165)
at org.openqa.selenium.remote.service.DriverCommandExecutor.invokeExecute(DriverCommandExecutor.java:183)
at org.openqa.selenium.remote.service.DriverCommandExecutor.execute(DriverCommandExecutor.java:158)
at org.openqa.selenium.remote.RemoteWebDriver.execute(RemoteWebDriver.java:543)
at org.openqa.selenium.remote.RemoteWebDriver.startSession(RemoteWebDriver.java:229)
at org.openqa.selenium.remote.RemoteWebDriver.<init>(RemoteWebDriver.java:157)
at org.openqa.selenium.chromium.ChromiumDriver.<init>(ChromiumDriver.java:101)
at org.openqa.selenium.chrome.ChromeDriver.<init>(ChromeDriver.java:88)
at org.openqa.selenium.chrome.ChromeDriver.<init>(ChromeDriver.java:84)
at org.openqa.selenium.chrome.ChromeDriver.<init>(ChromeDriver.java:52)
at com.sevenmartsupermarket.base.Base.intialize(Base.java:40)
at com.sevenmartsupermarket.base.Base.launchBrowser(Base.java:64)
at java.base/java.util.ArrayList.forEach(ArrayList.java:1511)
at java.base/java.util.concurrent.FutureTask.run(FutureTask.java:264)
at java.base/java.util.concurrent.ThreadPoolExecutor.runWorker(ThreadPoolExecutor.java:1136)
at java.base/java.util.concurrent.ThreadPoolExecutor$Worker.run(ThreadPoolExecutor.java:635)
at java.base/java.lang.Thread.run(Thread.java:833)
... Removed 21 stack frames]]>
    </failure>
  </testcase> <!-- @BeforeMethod launchBrowser -->
  <testcase classname="com.sevenmartsupermarket.base.Base" name="@AfterMethod terminateBrowser" time="0.0">
    <skipped/>
  </testcase> <!-- @AfterMethod terminateBrowser -->
  <testcase classname="com.sevenmartsupermarket.base.Base" name="@AfterMethod terminateBrowser" time="0.0">
    <skipped/>
  </testcase> <!-- @AfterMethod terminateBrowser -->
  <testcase classname="com.sevenmartsupermarket.base.Base" name="@AfterMethod terminateBrowser" time="0.0">
    <skipped/>
  </testcase> <!-- @AfterMethod terminateBrowser -->
  <testcase classname="com.sevenmartsupermarket.tests.ManagePagesTest" name="verifyNewPageCreation" time="36.206"/>
  <testcase classname="com.sevenmartsupermarket.tests.ManagePagesTest" name="verifyNewPageCreation" time="13.595"/>
  <testcase classname="com.sevenmartsupermarket.tests.ManagePagesTest" name="verifySearchPages" time="6.762"/>
</testsuite> <!-- RegressionRun -->
