<!DOCTYPE html>

<html>
  <head>
  <meta charset='utf-8'>
  <title>TestNG reports</title>

    <link type="text/css" href="testng-reports1.css" rel="stylesheet" id="ultra" />
    <link type="text/css" href="testng-reports.css" rel="stylesheet" id="retro" disabled="false"/>
    <script type="text/javascript" src="jquery-3.6.0.min.js"></script>
    <script type="text/javascript" src="testng-reports.js"></script>
    <script type="text/javascript" src="https://www.google.com/jsapi"></script>
    <script type='text/javascript'>
      google.load('visualization', '1', {packages:['table']});
      google.setOnLoadCallback(drawTable);
      var suiteTableInitFunctions = new Array();
      var suiteTableData = new Array();
    </script>
    <!--
      <script type="text/javascript" src="jquery-ui/js/jquery-ui-1.8.16.custom.min.js"></script>
     -->
  </head>

  <body>    <div class="top-banner-root">
      <span class="top-banner-title-font">Test results</span>
      <button id="button" class="button">Switch Retro Theme</button> <!-- button -->
      <br/>
      <span class="top-banner-font-1">1 suite, 8 failed tests</span>
    </div> <!-- top-banner-root -->
    <div class="navigator-root">
      <div class="navigator-suite-header">
        <span>All suites</span>
        <a href="#" title="Collapse/expand all the suites" class="collapse-all-link">
          <img src="collapseall.gif" class="collapse-all-icon">
          </img> <!-- collapse-all-icon -->
        </a> <!-- collapse-all-link -->
      </div> <!-- navigator-suite-header -->
      <div class="suite">
        <div class="rounded-window">
          <div class="suite-header light-rounded-window-top">
            <a href="#" panel-name="suite-MultipleTesting" class="navigator-link">
              <span class="suite-name border-failed">MultipleTesting</span>
            </a> <!-- navigator-link -->
          </div> <!-- suite-header light-rounded-window-top -->
          <div class="navigator-suite-content">
            <div class="suite-section-title">
              <span>Info</span>
            </div> <!-- suite-section-title -->
            <div class="suite-section-content">
              <ul>
                <li>
                  <a href="#" panel-name="test-xml-MultipleTesting" class="navigator-link ">
                    <span>C:\Users\USER\OneDrive\Desktop\eclipse\com.sevenmartsupermarket\src\main\resources\xmlFiles\Parellel.xml</span>
                  </a> <!-- navigator-link  -->
                </li>
                <li>
                  <a href="#" panel-name="testlist-MultipleTesting" class="navigator-link ">
                    <span class="test-stats">2 tests</span>
                  </a> <!-- navigator-link  -->
                </li>
                <li>
                  <a href="#" panel-name="group-MultipleTesting" class="navigator-link ">
                    <span>3 groups</span>
                  </a> <!-- navigator-link  -->
                </li>
                <li>
                  <a href="#" panel-name="times-MultipleTesting" class="navigator-link ">
                    <span>Times</span>
                  </a> <!-- navigator-link  -->
                </li>
                <li>
                  <a href="#" panel-name="reporter-MultipleTesting" class="navigator-link ">
                    <span>Reporter output</span>
                  </a> <!-- navigator-link  -->
                </li>
                <li>
                  <a href="#" panel-name="ignored-methods-MultipleTesting" class="navigator-link ">
                    <span>Ignored methods</span>
                  </a> <!-- navigator-link  -->
                </li>
                <li>
                  <a href="#" panel-name="chronological-MultipleTesting" class="navigator-link ">
                    <span>Chronological view</span>
                  </a> <!-- navigator-link  -->
                </li>
              </ul>
            </div> <!-- suite-section-content -->
            <div class="result-section">
              <div class="suite-section-title">
                <span>Results</span>
              </div> <!-- suite-section-title -->
              <div class="suite-section-content">
                <ul>
                  <li>
                    <span class="method-stats">27 methods, 8 failed,  2 skipped,  17 passed</span>
                  </li>
                  <li>
                    <span class="method-list-title failed">Failed methods</span>
                    <span class="show-or-hide-methods failed">
                      <a href="#" panel-name="suite-MultipleTesting" class="hide-methods failed suite-MultipleTesting"> (hide)</a> <!-- hide-methods failed suite-MultipleTesting -->
                      <a href="#" panel-name="suite-MultipleTesting" class="show-methods failed suite-MultipleTesting"> (show)</a> <!-- show-methods failed suite-MultipleTesting -->
                    </span>
                    <div class="method-list-content failed suite-MultipleTesting">
                      <span>
                        <img src="failed.png" width="3%"/>
                        <a href="#" panel-name="suite-MultipleTesting" title="com.sevenmartsupermarket.tests.ManageDeliveryBoyTest" class="method navigator-link" hash-for-method="verifyDeliveryBoy">verifyDeliveryBoy</a> <!-- method navigator-link -->
                      </span>
                      <br/>
                      <span>
                        <img src="failed.png" width="3%"/>
                        <a href="#" panel-name="suite-MultipleTesting" title="com.sevenmartsupermarket.tests.ManageDeliveryBoyTest" class="method navigator-link" hash-for-method="verifyDeliveryBoyWithDataProvider(DeliveryBoy, deliveryBoy@test.com, 32462, DeliveryAddress, Deliveryboy239, 988090)">verifyDeliveryBoyWithDataProvider(DeliveryBoy, deliveryBoy@test.com, 32462, DeliveryAddress, Deliveryboy239, 988090)</a> <!-- method navigator-link -->
                      </span>
                      <br/>
                      <span>
                        <img src="failed.png" width="3%"/>
                        <a href="#" panel-name="suite-MultipleTesting" title="com.sevenmartsupermarket.tests.ManageDeliveryBoyTest" class="method navigator-link" hash-for-method="verifyDeliveryBoyWithDataProvider(DeliveryBoy1, deliveryBoy1@test.com, 679597, Address1, Deliveryboy1234, paswrd)">verifyDeliveryBoyWithDataProvider(DeliveryBoy1, deliveryBoy1@test.com, 679597, Address1, Deliveryboy1234, paswrd)</a> <!-- method navigator-link -->
                      </span>
                      <br/>
                      <span>
                        <img src="failed.png" width="3%"/>
                        <a href="#" panel-name="suite-MultipleTesting" title="com.sevenmartsupermarket.tests.ManageSliderTest" class="method navigator-link" hash-for-method="verifyLinkStatus">verifyLinkStatus</a> <!-- method navigator-link -->
                      </span>
                      <br/>
                      <span>
                        <img src="failed.png" width="3%"/>
                        <a href="#" panel-name="suite-MultipleTesting" title="com.sevenmartsupermarket.tests.ManagePagesTest" class="method navigator-link" hash-for-method="verifyNewPageCreation(page1, testpage1, abcdefghh, Beautiful.jpg)">verifyNewPageCreation(page1, testpage1, abcdefghh, Beautiful.jpg)</a> <!-- method navigator-link -->
                      </span>
                      <br/>
                      <span>
                        <img src="failed.png" width="3%"/>
                        <a href="#" panel-name="suite-MultipleTesting" title="com.sevenmartsupermarket.tests.ManagePagesTest" class="method navigator-link" hash-for-method="verifyNewPageCreation(page2, testpage2, uuhjighjibkmn, Beautiful.jpg)">verifyNewPageCreation(page2, testpage2, uuhjighjibkmn, Beautiful.jpg)</a> <!-- method navigator-link -->
                      </span>
                      <br/>
                      <span>
                        <img src="failed.png" width="3%"/>
                        <a href="#" panel-name="suite-MultipleTesting" title="com.sevenmartsupermarket.tests.ManageUsersTest" class="method navigator-link" hash-for-method="verifyUserSearch">verifyUserSearch</a> <!-- method navigator-link -->
                      </span>
                      <br/>
                      <span>
                        <img src="failed.png" width="3%"/>
                        <a href="#" panel-name="suite-MultipleTesting" title="com.sevenmartsupermarket.tests.ManageUsersTest" class="method navigator-link" hash-for-method="verifyUserStatusAction">verifyUserStatusAction</a> <!-- method navigator-link -->
                      </span>
                      <br/>
                    </div> <!-- method-list-content failed suite-MultipleTesting -->
                  </li>
                  <li>
                    <span class="method-list-title skipped">Skipped methods</span>
                    <span class="show-or-hide-methods skipped">
                      <a href="#" panel-name="suite-MultipleTesting" class="hide-methods skipped suite-MultipleTesting"> (hide)</a> <!-- hide-methods skipped suite-MultipleTesting -->
                      <a href="#" panel-name="suite-MultipleTesting" class="show-methods skipped suite-MultipleTesting"> (show)</a> <!-- show-methods skipped suite-MultipleTesting -->
                    </span>
                    <div class="method-list-content skipped suite-MultipleTesting">
                      <span>
                        <img src="skipped.png" width="3%"/>
                        <a href="#" panel-name="suite-MultipleTesting" title="com.sevenmartsupermarket.tests.AdminUsersTest" class="method navigator-link" hash-for-method="verifyAdminUsers">verifyAdminUsers</a> <!-- method navigator-link -->
                      </span>
                      <br/>
                      <span>
                        <img src="skipped.png" width="3%"/>
                        <a href="#" panel-name="suite-MultipleTesting" title="com.sevenmartsupermarket.tests.AdminUsersTest" class="method navigator-link" hash-for-method="verifyUserSearch">verifyUserSearch</a> <!-- method navigator-link -->
                      </span>
                      <br/>
                    </div> <!-- method-list-content skipped suite-MultipleTesting -->
                  </li>
                  <li>
                    <span class="method-list-title passed">Passed methods</span>
                    <span class="show-or-hide-methods passed">
                      <a href="#" panel-name="suite-MultipleTesting" class="hide-methods passed suite-MultipleTesting"> (hide)</a> <!-- hide-methods passed suite-MultipleTesting -->
                      <a href="#" panel-name="suite-MultipleTesting" class="show-methods passed suite-MultipleTesting"> (show)</a> <!-- show-methods passed suite-MultipleTesting -->
                    </span>
                    <div class="method-list-content passed suite-MultipleTesting">
                      <span>
                        <img src="passed.png" width="3%"/>
                        <a href="#" panel-name="suite-MultipleTesting" title="com.sevenmartsupermarket.tests.AdminUsersTest" class="method navigator-link" hash-for-method="verifyAdminUserName(Carlo, a3bnfoivwz7)">verifyAdminUserName(Carlo, a3bnfoivwz7)</a> <!-- method navigator-link -->
                      </span>
                      <br/>
                      <span>
                        <img src="passed.png" width="3%"/>
                        <a href="#" panel-name="suite-MultipleTesting" title="com.sevenmartsupermarket.tests.AdminUsersTest" class="method navigator-link" hash-for-method="verifyAdminUserName(Erica, dbxeuwa0l6z)">verifyAdminUserName(Erica, dbxeuwa0l6z)</a> <!-- method navigator-link -->
                      </span>
                      <br/>
                      <span>
                        <img src="passed.png" width="3%"/>
                        <a href="#" panel-name="suite-MultipleTesting" title="com.sevenmartsupermarket.tests.ManageLocationTest" class="method navigator-link" hash-for-method="verifyCreationOfLocation">verifyCreationOfLocation</a> <!-- method navigator-link -->
                      </span>
                      <br/>
                      <span>
                        <img src="passed.png" width="3%"/>
                        <a href="#" panel-name="suite-MultipleTesting" title="com.sevenmartsupermarket.tests.ManageDeliveryBoyTest" class="method navigator-link" hash-for-method="verifyDeliveryBoySearch">verifyDeliveryBoySearch</a> <!-- method navigator-link -->
                      </span>
                      <br/>
                      <span>
                        <img src="passed.png" width="3%"/>
                        <a href="#" panel-name="suite-MultipleTesting" title="com.sevenmartsupermarket.tests.LoginTest" class="method navigator-link" hash-for-method="verifyInvalidLogin(user, admin)">verifyInvalidLogin(user, admin)</a> <!-- method navigator-link -->
                      </span>
                      <br/>
                      <span>
                        <img src="passed.png" width="3%"/>
                        <a href="#" panel-name="suite-MultipleTesting" title="com.sevenmartsupermarket.tests.LoginTest" class="method navigator-link" hash-for-method="verifyInvalidLogin(saj12, 4567)">verifyInvalidLogin(saj12, 4567)</a> <!-- method navigator-link -->
                      </span>
                      <br/>
                      <span>
                        <img src="passed.png" width="3%"/>
                        <a href="#" panel-name="suite-MultipleTesting" title="com.sevenmartsupermarket.tests.LoginTest" class="method navigator-link" hash-for-method="verifyInvalidLogin(sajina, 1234)">verifyInvalidLogin(sajina, 1234)</a> <!-- method navigator-link -->
                      </span>
                      <br/>
                      <span>
                        <img src="passed.png" width="3%"/>
                        <a href="#" panel-name="suite-MultipleTesting" title="com.sevenmartsupermarket.tests.LoginTest" class="method navigator-link" hash-for-method="verifyInvalidLoginErrorMessage">verifyInvalidLoginErrorMessage</a> <!-- method navigator-link -->
                      </span>
                      <br/>
                      <span>
                        <img src="passed.png" width="3%"/>
                        <a href="#" panel-name="suite-MultipleTesting" title="com.sevenmartsupermarket.tests.LoginTest" class="method navigator-link" hash-for-method="verifyLoginFunctionality">verifyLoginFunctionality</a> <!-- method navigator-link -->
                      </span>
                      <br/>
                      <span>
                        <img src="passed.png" width="3%"/>
                        <a href="#" panel-name="suite-MultipleTesting" title="com.sevenmartsupermarket.tests.HomePageTest" class="method navigator-link" hash-for-method="verifyLogoText">verifyLogoText</a> <!-- method navigator-link -->
                      </span>
                      <br/>
                      <span>
                        <img src="passed.png" width="3%"/>
                        <a href="#" panel-name="suite-MultipleTesting" title="com.sevenmartsupermarket.tests.ManageSliderTest" class="method navigator-link" hash-for-method="verifyNewSliderCreation(slideimage.jpg, https:\sevemmart.com)">verifyNewSliderCreation(slideimage.jpg, https:\sevemmart.com)</a> <!-- method navigator-link -->
                      </span>
                      <br/>
                      <span>
                        <img src="passed.png" width="3%"/>
                        <a href="#" panel-name="suite-MultipleTesting" title="com.sevenmartsupermarket.tests.ManageSliderTest" class="method navigator-link" hash-for-method="verifyNewSliderCreation(slideimage.jpg, https://grocerysevenmart.com)">verifyNewSliderCreation(slideimage.jpg, https://grocerysevenmart.com)</a> <!-- method navigator-link -->
                      </span>
                      <br/>
                      <span>
                        <img src="passed.png" width="3%"/>
                        <a href="#" panel-name="suite-MultipleTesting" title="com.sevenmartsupermarket.tests.ManageSliderTest" class="method navigator-link" hash-for-method="verifyNewSliderCreation(Beautiful.jpg, https:\grocery.com)">verifyNewSliderCreation(Beautiful.jpg, https:\grocery.com)</a> <!-- method navigator-link -->
                      </span>
                      <br/>
                      <span>
                        <img src="passed.png" width="3%"/>
                        <a href="#" panel-name="suite-MultipleTesting" title="com.sevenmartsupermarket.tests.PushNotificationTest" class="method navigator-link" hash-for-method="verifyPushNotification">verifyPushNotification</a> <!-- method navigator-link -->
                      </span>
                      <br/>
                      <span>
                        <img src="passed.png" width="3%"/>
                        <a href="#" panel-name="suite-MultipleTesting" title="com.sevenmartsupermarket.tests.LoginTest" class="method navigator-link" hash-for-method="verifyRememberCheckBox">verifyRememberCheckBox</a> <!-- method navigator-link -->
                      </span>
                      <br/>
                      <span>
                        <img src="passed.png" width="3%"/>
                        <a href="#" panel-name="suite-MultipleTesting" title="com.sevenmartsupermarket.tests.ManagePagesTest" class="method navigator-link" hash-for-method="verifySearchPages">verifySearchPages</a> <!-- method navigator-link -->
                      </span>
                      <br/>
                      <span>
                        <img src="passed.png" width="3%"/>
                        <a href="#" panel-name="suite-MultipleTesting" title="com.sevenmartsupermarket.tests.LoginTest" class="method navigator-link" hash-for-method="verifySignInButtonEnabled">verifySignInButtonEnabled</a> <!-- method navigator-link -->
                      </span>
                      <br/>
                    </div> <!-- method-list-content passed suite-MultipleTesting -->
                  </li>
                </ul>
              </div> <!-- suite-section-content -->
            </div> <!-- result-section -->
          </div> <!-- navigator-suite-content -->
        </div> <!-- rounded-window -->
      </div> <!-- suite -->
    </div> <!-- navigator-root -->
    <div class="wrapper">
      <div class="main-panel-root">
        <div panel-name="suite-MultipleTesting" class="panel MultipleTesting">
          <div class="suite-MultipleTesting-class-failed">
            <div class="main-panel-header rounded-window-top">
              <img src="failed.png"/>
              <span class="class-name">com.sevenmartsupermarket.tests.ManageUsersTest</span>
            </div> <!-- main-panel-header rounded-window-top -->
            <div class="main-panel-content rounded-window-bottom">
              <div class="method">
                <div class="method-content">
                  <a name="verifyUserSearch">
                  </a> <!-- verifyUserSearch -->
                  <span class="method-name">verifyUserSearch</span>
                  <div class="stack-trace">org.openqa.selenium.NoSuchElementException: no such element: Unable to locate element: {&quot;method&quot;:&quot;xpath&quot;,&quot;selector&quot;:&quot;//table[@class=&apos;table table-bordered table-hover table-sm&apos;]/tbody/tr[1]/td[6]/a[2]&quot;}
  (Session info: chrome=113.0.5672.126)
For documentation on this error, please visit: https://selenium.dev/exceptions/#no_such_element
Build info: version: &apos;4.8.0&apos;, revision: &apos;267030adea&apos;
System info: os.name: &apos;Windows 11&apos;, os.arch: &apos;amd64&apos;, os.version: &apos;10.0&apos;, java.version: &apos;17.0.4.1&apos;
Driver info: org.openqa.selenium.chrome.ChromeDriver
Command: [9002b7771ca4928f73b9140fe9dc490a, findElement {using=xpath, value=//table[@class=&apos;table table-bordered table-hover table-sm&apos;]/tbody/tr[1]/td[6]/a[2]}]
Capabilities {acceptInsecureCerts: false, browserName: chrome, browserVersion: 113.0.5672.126, chrome: {chromedriverVersion: 113.0.5672.63 (0e1a4471d5ae..., userDataDir: C:\Users\USER\AppData\Local...}, goog:chromeOptions: {debuggerAddress: localhost:9247}, networkConnectionEnabled: false, pageLoadStrategy: normal, platformName: WINDOWS, proxy: Proxy(), se:cdp: ws://localhost:9247/devtool..., se:cdpVersion: 113.0.5672.126, setWindowRect: true, strictFileInteractability: false, timeouts: {implicit: 0, pageLoad: 300000, script: 30000}, unhandledPromptBehavior: dismiss and notify, webauthn:extension:credBlob: true, webauthn:extension:largeBlob: true, webauthn:extension:minPinLength: true, webauthn:extension:prf: true, webauthn:virtualAuthenticators: true}
Session ID: 9002b7771ca4928f73b9140fe9dc490a
	at org.openqa.selenium.remote.codec.w3c.W3CHttpResponseCodec.createException(W3CHttpResponseCodec.java:200)
	at org.openqa.selenium.remote.codec.w3c.W3CHttpResponseCodec.decode(W3CHttpResponseCodec.java:133)
	at org.openqa.selenium.remote.codec.w3c.W3CHttpResponseCodec.decode(W3CHttpResponseCodec.java:53)
	at org.openqa.selenium.remote.HttpCommandExecutor.execute(HttpCommandExecutor.java:184)
	at org.openqa.selenium.remote.service.DriverCommandExecutor.invokeExecute(DriverCommandExecutor.java:167)
	at org.openqa.selenium.remote.service.DriverCommandExecutor.execute(DriverCommandExecutor.java:142)
	at org.openqa.selenium.remote.RemoteWebDriver.execute(RemoteWebDriver.java:543)
	at org.openqa.selenium.remote.ElementLocation$ElementFinder$2.findElement(ElementLocation.java:162)
	at org.openqa.selenium.remote.ElementLocation.findElement(ElementLocation.java:60)
	at org.openqa.selenium.remote.RemoteWebDriver.findElement(RemoteWebDriver.java:352)
	at org.openqa.selenium.remote.RemoteWebDriver.findElement(RemoteWebDriver.java:344)
	at com.sevenmartsupermarket.pages.ManageUsersPage.deleteUser(ManageUsersPage.java:97)
	at com.sevenmartsupermarket.tests.ManageUsersTest.verifyUserSearch(ManageUsersTest.java:31)
	at java.base/java.util.ArrayList.forEach(ArrayList.java:1511)
	at java.base/java.util.concurrent.FutureTask.run(FutureTask.java:264)
	at java.base/java.util.concurrent.ThreadPoolExecutor.runWorker(ThreadPoolExecutor.java:1136)
	at java.base/java.util.concurrent.ThreadPoolExecutor$Worker.run(ThreadPoolExecutor.java:635)
	at java.base/java.lang.Thread.run(Thread.java:833)
... Removed 22 stack frames
</div> <!-- stack-trace -->
                </div> <!-- method-content -->
              </div> <!-- method -->
              <div class="method">
                <div class="method-content">
                  <a name="verifyUserStatusAction">
                  </a> <!-- verifyUserStatusAction -->
                  <span class="method-name">verifyUserStatusAction</span>
                  <div class="stack-trace">org.openqa.selenium.NoSuchElementException: no such element: Unable to locate element: {&quot;method&quot;:&quot;xpath&quot;,&quot;selector&quot;:&quot;//table[@class=&apos;table table-bordered table-hover table-sm&apos;]/tbody/tr[1]/td[6]/a[1]&quot;}
  (Session info: chrome=113.0.5672.126)
For documentation on this error, please visit: https://selenium.dev/exceptions/#no_such_element
Build info: version: &apos;4.8.0&apos;, revision: &apos;267030adea&apos;
System info: os.name: &apos;Windows 11&apos;, os.arch: &apos;amd64&apos;, os.version: &apos;10.0&apos;, java.version: &apos;17.0.4.1&apos;
Driver info: org.openqa.selenium.chrome.ChromeDriver
Command: [8835a32836e653945708b50e77b6ac1f, findElement {using=xpath, value=//table[@class=&apos;table table-bordered table-hover table-sm&apos;]/tbody/tr[1]/td[6]/a[1]}]
Capabilities {acceptInsecureCerts: false, browserName: chrome, browserVersion: 113.0.5672.126, chrome: {chromedriverVersion: 113.0.5672.63 (0e1a4471d5ae..., userDataDir: C:\Users\USER\AppData\Local...}, goog:chromeOptions: {debuggerAddress: localhost:9347}, networkConnectionEnabled: false, pageLoadStrategy: normal, platformName: WINDOWS, proxy: Proxy(), se:cdp: ws://localhost:9347/devtool..., se:cdpVersion: 113.0.5672.126, setWindowRect: true, strictFileInteractability: false, timeouts: {implicit: 0, pageLoad: 300000, script: 30000}, unhandledPromptBehavior: dismiss and notify, webauthn:extension:credBlob: true, webauthn:extension:largeBlob: true, webauthn:extension:minPinLength: true, webauthn:extension:prf: true, webauthn:virtualAuthenticators: true}
Session ID: 8835a32836e653945708b50e77b6ac1f
	at org.openqa.selenium.remote.codec.w3c.W3CHttpResponseCodec.createException(W3CHttpResponseCodec.java:200)
	at org.openqa.selenium.remote.codec.w3c.W3CHttpResponseCodec.decode(W3CHttpResponseCodec.java:133)
	at org.openqa.selenium.remote.codec.w3c.W3CHttpResponseCodec.decode(W3CHttpResponseCodec.java:53)
	at org.openqa.selenium.remote.HttpCommandExecutor.execute(HttpCommandExecutor.java:184)
	at org.openqa.selenium.remote.service.DriverCommandExecutor.invokeExecute(DriverCommandExecutor.java:167)
	at org.openqa.selenium.remote.service.DriverCommandExecutor.execute(DriverCommandExecutor.java:142)
	at org.openqa.selenium.remote.RemoteWebDriver.execute(RemoteWebDriver.java:543)
	at org.openqa.selenium.remote.ElementLocation$ElementFinder$2.findElement(ElementLocation.java:162)
	at org.openqa.selenium.remote.ElementLocation.findElement(ElementLocation.java:60)
	at org.openqa.selenium.remote.RemoteWebDriver.findElement(RemoteWebDriver.java:352)
	at org.openqa.selenium.remote.RemoteWebDriver.findElement(RemoteWebDriver.java:344)
	at com.sevenmartsupermarket.pages.ManageUsersPage.clickOnDeActivationButton(ManageUsersPage.java:57)
	at com.sevenmartsupermarket.tests.ManageUsersTest.verifyUserStatusAction(ManageUsersTest.java:20)
	at java.base/java.util.ArrayList.forEach(ArrayList.java:1511)
	at java.base/java.util.concurrent.FutureTask.run(FutureTask.java:264)
	at java.base/java.util.concurrent.ThreadPoolExecutor.runWorker(ThreadPoolExecutor.java:1136)
	at java.base/java.util.concurrent.ThreadPoolExecutor$Worker.run(ThreadPoolExecutor.java:635)
	at java.base/java.lang.Thread.run(Thread.java:833)
... Removed 22 stack frames
</div> <!-- stack-trace -->
                </div> <!-- method-content -->
              </div> <!-- method -->
            </div> <!-- main-panel-content rounded-window-bottom -->
          </div> <!-- suite-MultipleTesting-class-failed -->
          <div class="suite-MultipleTesting-class-failed">
            <div class="main-panel-header rounded-window-top">
              <img src="failed.png"/>
              <span class="class-name">com.sevenmartsupermarket.tests.ManagePagesTest</span>
            </div> <!-- main-panel-header rounded-window-top -->
            <div class="main-panel-content rounded-window-bottom">
              <div class="method">
                <div class="method-content">
                  <a name="verifyNewPageCreation(page1, testpage1, abcdefghh, Beautiful.jpg)">
                  </a> <!-- verifyNewPageCreation(page1, testpage1, abcdefghh, Beautiful.jpg) -->
                  <span class="method-name">verifyNewPageCreation</span>
                  <span class="parameters">(page1,testpage1,abcdefghh,Beautiful.jpg)</span>
                  <div class="stack-trace">org.openqa.selenium.NoSuchElementException: no such element: Unable to locate element: {&quot;method&quot;:&quot;xpath&quot;,&quot;selector&quot;:&quot;//div[@class=&apos;alert alert-danger alert-dismissible&apos;]&quot;}
  (Session info: chrome=113.0.5672.126)
For documentation on this error, please visit: https://selenium.dev/exceptions/#no_such_element
Build info: version: &apos;4.8.0&apos;, revision: &apos;267030adea&apos;
System info: os.name: &apos;Windows 11&apos;, os.arch: &apos;amd64&apos;, os.version: &apos;10.0&apos;, java.version: &apos;17.0.4.1&apos;
Driver info: org.openqa.selenium.chrome.ChromeDriver
Command: [872b9e7b918e0bce46ed3220f07fcc5e, findElement {using=xpath, value=//div[@class=&apos;alert alert-danger alert-dismissible&apos;]}]
Capabilities {acceptInsecureCerts: false, browserName: chrome, browserVersion: 113.0.5672.126, chrome: {chromedriverVersion: 113.0.5672.63 (0e1a4471d5ae..., userDataDir: C:\Users\USER\AppData\Local...}, goog:chromeOptions: {debuggerAddress: localhost:9608}, networkConnectionEnabled: false, pageLoadStrategy: normal, platformName: WINDOWS, proxy: Proxy(), se:cdp: ws://localhost:9608/devtool..., se:cdpVersion: 113.0.5672.126, setWindowRect: true, strictFileInteractability: false, timeouts: {implicit: 0, pageLoad: 300000, script: 30000}, unhandledPromptBehavior: dismiss and notify, webauthn:extension:credBlob: true, webauthn:extension:largeBlob: true, webauthn:extension:minPinLength: true, webauthn:extension:prf: true, webauthn:virtualAuthenticators: true}
Session ID: 872b9e7b918e0bce46ed3220f07fcc5e
	at org.openqa.selenium.remote.codec.w3c.W3CHttpResponseCodec.createException(W3CHttpResponseCodec.java:200)
	at org.openqa.selenium.remote.codec.w3c.W3CHttpResponseCodec.decode(W3CHttpResponseCodec.java:133)
	at org.openqa.selenium.remote.codec.w3c.W3CHttpResponseCodec.decode(W3CHttpResponseCodec.java:53)
	at org.openqa.selenium.remote.HttpCommandExecutor.execute(HttpCommandExecutor.java:184)
	at org.openqa.selenium.remote.service.DriverCommandExecutor.invokeExecute(DriverCommandExecutor.java:167)
	at org.openqa.selenium.remote.service.DriverCommandExecutor.execute(DriverCommandExecutor.java:142)
	at org.openqa.selenium.remote.RemoteWebDriver.execute(RemoteWebDriver.java:543)
	at org.openqa.selenium.remote.ElementLocation$ElementFinder$2.findElement(ElementLocation.java:162)
	at org.openqa.selenium.remote.ElementLocation.findElement(ElementLocation.java:60)
	at org.openqa.selenium.remote.RemoteWebDriver.findElement(RemoteWebDriver.java:352)
	at org.openqa.selenium.remote.RemoteWebDriver.findElement(RemoteWebDriver.java:344)
	at org.openqa.selenium.support.pagefactory.DefaultElementLocator.findElement(DefaultElementLocator.java:70)
	at org.openqa.selenium.support.pagefactory.internal.LocatingElementHandler.invoke(LocatingElementHandler.java:39)
	at jdk.proxy2/jdk.proxy2.$Proxy18.isDisplayed(Unknown Source)
	at com.sevenmartsupermarket.pages.ManagePagesPage.checkAlertMessageIsDisplayed(ManagePagesPage.java:79)
	at com.sevenmartsupermarket.tests.ManagePagesTest.verifyNewPageCreation(ManagePagesTest.java:23)
	at java.base/java.util.ArrayList.forEach(ArrayList.java:1511)
	at java.base/java.util.concurrent.FutureTask.run(FutureTask.java:264)
	at java.base/java.util.concurrent.ThreadPoolExecutor.runWorker(ThreadPoolExecutor.java:1136)
	at java.base/java.util.concurrent.ThreadPoolExecutor$Worker.run(ThreadPoolExecutor.java:635)
	at java.base/java.lang.Thread.run(Thread.java:833)
... Removed 22 stack frames
</div> <!-- stack-trace -->
                </div> <!-- method-content -->
              </div> <!-- method -->
              <div class="method">
                <div class="method-content">
                  <a name="verifyNewPageCreation(page2, testpage2, uuhjighjibkmn, Beautiful.jpg)">
                  </a> <!-- verifyNewPageCreation(page2, testpage2, uuhjighjibkmn, Beautiful.jpg) -->
                  <span class="method-name">verifyNewPageCreation</span>
                  <span class="parameters">(page2,testpage2,uuhjighjibkmn,Beautiful.jpg)</span>
                  <div class="stack-trace">org.openqa.selenium.NoSuchElementException: no such element: Unable to locate element: {&quot;method&quot;:&quot;xpath&quot;,&quot;selector&quot;:&quot;//div[@class=&apos;alert alert-danger alert-dismissible&apos;]&quot;}
  (Session info: chrome=113.0.5672.126)
For documentation on this error, please visit: https://selenium.dev/exceptions/#no_such_element
Build info: version: &apos;4.8.0&apos;, revision: &apos;267030adea&apos;
System info: os.name: &apos;Windows 11&apos;, os.arch: &apos;amd64&apos;, os.version: &apos;10.0&apos;, java.version: &apos;17.0.4.1&apos;
Driver info: org.openqa.selenium.chrome.ChromeDriver
Command: [9f16ef1c4f8e13bc6bb5bd1a175d53fd, findElement {using=xpath, value=//div[@class=&apos;alert alert-danger alert-dismissible&apos;]}]
Capabilities {acceptInsecureCerts: false, browserName: chrome, browserVersion: 113.0.5672.126, chrome: {chromedriverVersion: 113.0.5672.63 (0e1a4471d5ae..., userDataDir: C:\Users\USER\AppData\Local...}, goog:chromeOptions: {debuggerAddress: localhost:9673}, networkConnectionEnabled: false, pageLoadStrategy: normal, platformName: WINDOWS, proxy: Proxy(), se:cdp: ws://localhost:9673/devtool..., se:cdpVersion: 113.0.5672.126, setWindowRect: true, strictFileInteractability: false, timeouts: {implicit: 0, pageLoad: 300000, script: 30000}, unhandledPromptBehavior: dismiss and notify, webauthn:extension:credBlob: true, webauthn:extension:largeBlob: true, webauthn:extension:minPinLength: true, webauthn:extension:prf: true, webauthn:virtualAuthenticators: true}
Session ID: 9f16ef1c4f8e13bc6bb5bd1a175d53fd
	at org.openqa.selenium.remote.codec.w3c.W3CHttpResponseCodec.createException(W3CHttpResponseCodec.java:200)
	at org.openqa.selenium.remote.codec.w3c.W3CHttpResponseCodec.decode(W3CHttpResponseCodec.java:133)
	at org.openqa.selenium.remote.codec.w3c.W3CHttpResponseCodec.decode(W3CHttpResponseCodec.java:53)
	at org.openqa.selenium.remote.HttpCommandExecutor.execute(HttpCommandExecutor.java:184)
	at org.openqa.selenium.remote.service.DriverCommandExecutor.invokeExecute(DriverCommandExecutor.java:167)
	at org.openqa.selenium.remote.service.DriverCommandExecutor.execute(DriverCommandExecutor.java:142)
	at org.openqa.selenium.remote.RemoteWebDriver.execute(RemoteWebDriver.java:543)
	at org.openqa.selenium.remote.ElementLocation$ElementFinder$2.findElement(ElementLocation.java:162)
	at org.openqa.selenium.remote.ElementLocation.findElement(ElementLocation.java:60)
	at org.openqa.selenium.remote.RemoteWebDriver.findElement(RemoteWebDriver.java:352)
	at org.openqa.selenium.remote.RemoteWebDriver.findElement(RemoteWebDriver.java:344)
	at org.openqa.selenium.support.pagefactory.DefaultElementLocator.findElement(DefaultElementLocator.java:70)
	at org.openqa.selenium.support.pagefactory.internal.LocatingElementHandler.invoke(LocatingElementHandler.java:39)
	at jdk.proxy2/jdk.proxy2.$Proxy18.isDisplayed(Unknown Source)
	at com.sevenmartsupermarket.pages.ManagePagesPage.checkAlertMessageIsDisplayed(ManagePagesPage.java:79)
	at com.sevenmartsupermarket.tests.ManagePagesTest.verifyNewPageCreation(ManagePagesTest.java:23)
	at java.base/java.util.ArrayList.forEach(ArrayList.java:1511)
	at java.base/java.util.concurrent.FutureTask.run(FutureTask.java:264)
	at java.base/java.util.concurrent.ThreadPoolExecutor.runWorker(ThreadPoolExecutor.java:1136)
	at java.base/java.util.concurrent.ThreadPoolExecutor$Worker.run(ThreadPoolExecutor.java:635)
	at java.base/java.lang.Thread.run(Thread.java:833)
... Removed 22 stack frames
</div> <!-- stack-trace -->
                </div> <!-- method-content -->
              </div> <!-- method -->
            </div> <!-- main-panel-content rounded-window-bottom -->
          </div> <!-- suite-MultipleTesting-class-failed -->
          <div class="suite-MultipleTesting-class-failed">
            <div class="main-panel-header rounded-window-top">
              <img src="failed.png"/>
              <span class="class-name">com.sevenmartsupermarket.tests.ManageSliderTest</span>
            </div> <!-- main-panel-header rounded-window-top -->
            <div class="main-panel-content rounded-window-bottom">
              <div class="method">
                <div class="method-content">
                  <a name="verifyLinkStatus">
                  </a> <!-- verifyLinkStatus -->
                  <span class="method-name">verifyLinkStatus</span>
                  <div class="stack-trace">java.lang.AssertionError: expected [Active] but found [Inactive]
	at com.sevenmartsupermarket.tests.ManageSliderTest.verifyLinkStatus(ManageSliderTest.java:33)
	at java.base/java.util.ArrayList.forEach(ArrayList.java:1511)
	at java.base/java.util.concurrent.FutureTask.run(FutureTask.java:264)
	at java.base/java.util.concurrent.ThreadPoolExecutor.runWorker(ThreadPoolExecutor.java:1136)
	at java.base/java.util.concurrent.ThreadPoolExecutor$Worker.run(ThreadPoolExecutor.java:635)
	at java.base/java.lang.Thread.run(Thread.java:833)
... Removed 23 stack frames
</div> <!-- stack-trace -->
                </div> <!-- method-content -->
              </div> <!-- method -->
            </div> <!-- main-panel-content rounded-window-bottom -->
          </div> <!-- suite-MultipleTesting-class-failed -->
          <div class="suite-MultipleTesting-class-failed">
            <div class="main-panel-header rounded-window-top">
              <img src="failed.png"/>
              <span class="class-name">com.sevenmartsupermarket.tests.ManageDeliveryBoyTest</span>
            </div> <!-- main-panel-header rounded-window-top -->
            <div class="main-panel-content rounded-window-bottom">
              <div class="method">
                <div class="method-content">
                  <a name="verifyDeliveryBoy">
                  </a> <!-- verifyDeliveryBoy -->
                  <span class="method-name">verifyDeliveryBoy</span>
                  <div class="stack-trace">org.openqa.selenium.NoSuchElementException: no such element: Unable to locate element: {&quot;method&quot;:&quot;xpath&quot;,&quot;selector&quot;:&quot;//div[@class=&apos;alert alert-success alert-dismissible&apos;]&quot;}
  (Session info: chrome=113.0.5672.126)
For documentation on this error, please visit: https://selenium.dev/exceptions/#no_such_element
Build info: version: &apos;4.8.0&apos;, revision: &apos;267030adea&apos;
System info: os.name: &apos;Windows 11&apos;, os.arch: &apos;amd64&apos;, os.version: &apos;10.0&apos;, java.version: &apos;17.0.4.1&apos;
Driver info: org.openqa.selenium.chrome.ChromeDriver
Command: [b86efeb7b0aeb3d2295caaa38fe8d05b, findElement {using=xpath, value=//div[@class=&apos;alert alert-success alert-dismissible&apos;]}]
Capabilities {acceptInsecureCerts: false, browserName: chrome, browserVersion: 113.0.5672.126, chrome: {chromedriverVersion: 113.0.5672.63 (0e1a4471d5ae..., userDataDir: C:\Users\USER\AppData\Local...}, goog:chromeOptions: {debuggerAddress: localhost:9586}, networkConnectionEnabled: false, pageLoadStrategy: normal, platformName: WINDOWS, proxy: Proxy(), se:cdp: ws://localhost:9586/devtool..., se:cdpVersion: 113.0.5672.126, setWindowRect: true, strictFileInteractability: false, timeouts: {implicit: 0, pageLoad: 300000, script: 30000}, unhandledPromptBehavior: dismiss and notify, webauthn:extension:credBlob: true, webauthn:extension:largeBlob: true, webauthn:extension:minPinLength: true, webauthn:extension:prf: true, webauthn:virtualAuthenticators: true}
Session ID: b86efeb7b0aeb3d2295caaa38fe8d05b
	at org.openqa.selenium.remote.codec.w3c.W3CHttpResponseCodec.createException(W3CHttpResponseCodec.java:200)
	at org.openqa.selenium.remote.codec.w3c.W3CHttpResponseCodec.decode(W3CHttpResponseCodec.java:133)
	at org.openqa.selenium.remote.codec.w3c.W3CHttpResponseCodec.decode(W3CHttpResponseCodec.java:53)
	at org.openqa.selenium.remote.HttpCommandExecutor.execute(HttpCommandExecutor.java:184)
	at org.openqa.selenium.remote.service.DriverCommandExecutor.invokeExecute(DriverCommandExecutor.java:167)
	at org.openqa.selenium.remote.service.DriverCommandExecutor.execute(DriverCommandExecutor.java:142)
	at org.openqa.selenium.remote.RemoteWebDriver.execute(RemoteWebDriver.java:543)
	at org.openqa.selenium.remote.ElementLocation$ElementFinder$2.findElement(ElementLocation.java:162)
	at org.openqa.selenium.remote.ElementLocation.findElement(ElementLocation.java:60)
	at org.openqa.selenium.remote.RemoteWebDriver.findElement(RemoteWebDriver.java:352)
	at org.openqa.selenium.remote.RemoteWebDriver.findElement(RemoteWebDriver.java:344)
	at org.openqa.selenium.support.pagefactory.DefaultElementLocator.findElement(DefaultElementLocator.java:70)
	at org.openqa.selenium.support.pagefactory.internal.LocatingElementHandler.invoke(LocatingElementHandler.java:39)
	at jdk.proxy2/jdk.proxy2.$Proxy18.getText(Unknown Source)
	at com.sevenmartsupermarket.pages.ManageDeliveryBoyPage.getResultText(ManageDeliveryBoyPage.java:87)
	at com.sevenmartsupermarket.tests.ManageDeliveryBoyTest.verifyDeliveryBoy(ManageDeliveryBoyTest.java:28)
	at java.base/java.util.ArrayList.forEach(ArrayList.java:1511)
	at java.base/java.util.concurrent.FutureTask.run(FutureTask.java:264)
	at java.base/java.util.concurrent.ThreadPoolExecutor.runWorker(ThreadPoolExecutor.java:1136)
	at java.base/java.util.concurrent.ThreadPoolExecutor$Worker.run(ThreadPoolExecutor.java:635)
	at java.base/java.lang.Thread.run(Thread.java:833)
... Removed 22 stack frames
</div> <!-- stack-trace -->
                </div> <!-- method-content -->
              </div> <!-- method -->
              <div class="method">
                <div class="method-content">
                  <a name="verifyDeliveryBoyWithDataProvider(DeliveryBoy, deliveryBoy@test.com, 32462, DeliveryAddress, Deliveryboy239, 988090)">
                  </a> <!-- verifyDeliveryBoyWithDataProvider(DeliveryBoy, deliveryBoy@test.com, 32462, DeliveryAddress, Deliveryboy239, 988090) -->
                  <span class="method-name">verifyDeliveryBoyWithDataProvider</span>
                  <span class="parameters">(DeliveryBoy,deliveryBoy@test.com,32462,DeliveryAddress,Deliveryboy239,988090)</span>
                  <div class="stack-trace">org.openqa.selenium.NoSuchElementException: no such element: Unable to locate element: {&quot;method&quot;:&quot;xpath&quot;,&quot;selector&quot;:&quot;//div[@class=&apos;alert alert-success alert-dismissible&apos;]&quot;}
  (Session info: chrome=113.0.5672.126)
For documentation on this error, please visit: https://selenium.dev/exceptions/#no_such_element
Build info: version: &apos;4.8.0&apos;, revision: &apos;267030adea&apos;
System info: os.name: &apos;Windows 11&apos;, os.arch: &apos;amd64&apos;, os.version: &apos;10.0&apos;, java.version: &apos;17.0.4.1&apos;
Driver info: org.openqa.selenium.chrome.ChromeDriver
Command: [b764eb58566ae649a7fef758e2339f98, findElement {using=xpath, value=//div[@class=&apos;alert alert-success alert-dismissible&apos;]}]
Capabilities {acceptInsecureCerts: false, browserName: chrome, browserVersion: 113.0.5672.126, chrome: {chromedriverVersion: 113.0.5672.63 (0e1a4471d5ae..., userDataDir: C:\Users\USER\AppData\Local...}, goog:chromeOptions: {debuggerAddress: localhost:9661}, networkConnectionEnabled: false, pageLoadStrategy: normal, platformName: WINDOWS, proxy: Proxy(), se:cdp: ws://localhost:9661/devtool..., se:cdpVersion: 113.0.5672.126, setWindowRect: true, strictFileInteractability: false, timeouts: {implicit: 0, pageLoad: 300000, script: 30000}, unhandledPromptBehavior: dismiss and notify, webauthn:extension:credBlob: true, webauthn:extension:largeBlob: true, webauthn:extension:minPinLength: true, webauthn:extension:prf: true, webauthn:virtualAuthenticators: true}
Session ID: b764eb58566ae649a7fef758e2339f98
	at org.openqa.selenium.remote.codec.w3c.W3CHttpResponseCodec.createException(W3CHttpResponseCodec.java:200)
	at org.openqa.selenium.remote.codec.w3c.W3CHttpResponseCodec.decode(W3CHttpResponseCodec.java:133)
	at org.openqa.selenium.remote.codec.w3c.W3CHttpResponseCodec.decode(W3CHttpResponseCodec.java:53)
	at org.openqa.selenium.remote.HttpCommandExecutor.execute(HttpCommandExecutor.java:184)
	at org.openqa.selenium.remote.service.DriverCommandExecutor.invokeExecute(DriverCommandExecutor.java:167)
	at org.openqa.selenium.remote.service.DriverCommandExecutor.execute(DriverCommandExecutor.java:142)
	at org.openqa.selenium.remote.RemoteWebDriver.execute(RemoteWebDriver.java:543)
	at org.openqa.selenium.remote.ElementLocation$ElementFinder$2.findElement(ElementLocation.java:162)
	at org.openqa.selenium.remote.ElementLocation.findElement(ElementLocation.java:60)
	at org.openqa.selenium.remote.RemoteWebDriver.findElement(RemoteWebDriver.java:352)
	at org.openqa.selenium.remote.RemoteWebDriver.findElement(RemoteWebDriver.java:344)
	at org.openqa.selenium.support.pagefactory.DefaultElementLocator.findElement(DefaultElementLocator.java:70)
	at org.openqa.selenium.support.pagefactory.internal.LocatingElementHandler.invoke(LocatingElementHandler.java:39)
	at jdk.proxy2/jdk.proxy2.$Proxy18.getText(Unknown Source)
	at com.sevenmartsupermarket.pages.ManageDeliveryBoyPage.getResultText(ManageDeliveryBoyPage.java:87)
	at com.sevenmartsupermarket.tests.ManageDeliveryBoyTest.verifyDeliveryBoyWithDataProvider(ManageDeliveryBoyTest.java:40)
	at java.base/java.util.ArrayList.forEach(ArrayList.java:1511)
	at java.base/java.util.concurrent.FutureTask.run(FutureTask.java:264)
	at java.base/java.util.concurrent.ThreadPoolExecutor.runWorker(ThreadPoolExecutor.java:1136)
	at java.base/java.util.concurrent.ThreadPoolExecutor$Worker.run(ThreadPoolExecutor.java:635)
	at java.base/java.lang.Thread.run(Thread.java:833)
... Removed 22 stack frames
</div> <!-- stack-trace -->
                </div> <!-- method-content -->
              </div> <!-- method -->
              <div class="method">
                <div class="method-content">
                  <a name="verifyDeliveryBoyWithDataProvider(DeliveryBoy1, deliveryBoy1@test.com, 679597, Address1, Deliveryboy1234, paswrd)">
                  </a> <!-- verifyDeliveryBoyWithDataProvider(DeliveryBoy1, deliveryBoy1@test.com, 679597, Address1, Deliveryboy1234, paswrd) -->
                  <span class="method-name">verifyDeliveryBoyWithDataProvider</span>
                  <span class="parameters">(DeliveryBoy1,deliveryBoy1@test.com,679597,Address1,Deliveryboy1234,paswrd)</span>
                  <div class="stack-trace">org.openqa.selenium.NoSuchElementException: no such element: Unable to locate element: {&quot;method&quot;:&quot;xpath&quot;,&quot;selector&quot;:&quot;//div[@class=&apos;alert alert-success alert-dismissible&apos;]&quot;}
  (Session info: chrome=113.0.5672.126)
For documentation on this error, please visit: https://selenium.dev/exceptions/#no_such_element
Build info: version: &apos;4.8.0&apos;, revision: &apos;267030adea&apos;
System info: os.name: &apos;Windows 11&apos;, os.arch: &apos;amd64&apos;, os.version: &apos;10.0&apos;, java.version: &apos;17.0.4.1&apos;
Driver info: org.openqa.selenium.chrome.ChromeDriver
Command: [7f5bb5d6e8d2df49da2176e35c8bcf97, findElement {using=xpath, value=//div[@class=&apos;alert alert-success alert-dismissible&apos;]}]
Capabilities {acceptInsecureCerts: false, browserName: chrome, browserVersion: 113.0.5672.126, chrome: {chromedriverVersion: 113.0.5672.63 (0e1a4471d5ae..., userDataDir: C:\Users\USER\AppData\Local...}, goog:chromeOptions: {debuggerAddress: localhost:9711}, networkConnectionEnabled: false, pageLoadStrategy: normal, platformName: WINDOWS, proxy: Proxy(), se:cdp: ws://localhost:9711/devtool..., se:cdpVersion: 113.0.5672.126, setWindowRect: true, strictFileInteractability: false, timeouts: {implicit: 0, pageLoad: 300000, script: 30000}, unhandledPromptBehavior: dismiss and notify, webauthn:extension:credBlob: true, webauthn:extension:largeBlob: true, webauthn:extension:minPinLength: true, webauthn:extension:prf: true, webauthn:virtualAuthenticators: true}
Session ID: 7f5bb5d6e8d2df49da2176e35c8bcf97
	at org.openqa.selenium.remote.codec.w3c.W3CHttpResponseCodec.createException(W3CHttpResponseCodec.java:200)
	at org.openqa.selenium.remote.codec.w3c.W3CHttpResponseCodec.decode(W3CHttpResponseCodec.java:133)
	at org.openqa.selenium.remote.codec.w3c.W3CHttpResponseCodec.decode(W3CHttpResponseCodec.java:53)
	at org.openqa.selenium.remote.HttpCommandExecutor.execute(HttpCommandExecutor.java:184)
	at org.openqa.selenium.remote.service.DriverCommandExecutor.invokeExecute(DriverCommandExecutor.java:167)
	at org.openqa.selenium.remote.service.DriverCommandExecutor.execute(DriverCommandExecutor.java:142)
	at org.openqa.selenium.remote.RemoteWebDriver.execute(RemoteWebDriver.java:543)
	at org.openqa.selenium.remote.ElementLocation$ElementFinder$2.findElement(ElementLocation.java:162)
	at org.openqa.selenium.remote.ElementLocation.findElement(ElementLocation.java:60)
	at org.openqa.selenium.remote.RemoteWebDriver.findElement(RemoteWebDriver.java:352)
	at org.openqa.selenium.remote.RemoteWebDriver.findElement(RemoteWebDriver.java:344)
	at org.openqa.selenium.support.pagefactory.DefaultElementLocator.findElement(DefaultElementLocator.java:70)
	at org.openqa.selenium.support.pagefactory.internal.LocatingElementHandler.invoke(LocatingElementHandler.java:39)
	at jdk.proxy2/jdk.proxy2.$Proxy18.getText(Unknown Source)
	at com.sevenmartsupermarket.pages.ManageDeliveryBoyPage.getResultText(ManageDeliveryBoyPage.java:87)
	at com.sevenmartsupermarket.tests.ManageDeliveryBoyTest.verifyDeliveryBoyWithDataProvider(ManageDeliveryBoyTest.java:40)
	at java.base/java.util.ArrayList.forEach(ArrayList.java:1511)
	at java.base/java.util.concurrent.FutureTask.run(FutureTask.java:264)
	at java.base/java.util.concurrent.ThreadPoolExecutor.runWorker(ThreadPoolExecutor.java:1136)
	at java.base/java.util.concurrent.ThreadPoolExecutor$Worker.run(ThreadPoolExecutor.java:635)
	at java.base/java.lang.Thread.run(Thread.java:833)
... Removed 22 stack frames
</div> <!-- stack-trace -->
                </div> <!-- method-content -->
              </div> <!-- method -->
            </div> <!-- main-panel-content rounded-window-bottom -->
          </div> <!-- suite-MultipleTesting-class-failed -->
          <div class="suite-MultipleTesting-class-skipped">
            <div class="main-panel-header rounded-window-top">
              <img src="skipped.png"/>
              <span class="class-name">com.sevenmartsupermarket.tests.AdminUsersTest</span>
            </div> <!-- main-panel-header rounded-window-top -->
            <div class="main-panel-content rounded-window-bottom">
              <div class="method">
                <div class="method-content">
                  <a name="verifyAdminUsers">
                  </a> <!-- verifyAdminUsers -->
                  <span class="method-name">verifyAdminUsers</span>
                  <div class="stack-trace">org.openqa.selenium.SessionNotCreatedException: Could not start a new session. Response code 500. Message: session not created
from no such execution context: loader has changed while resolving nodes
  (Session info: chrome=113.0.5672.126) 
Host info: host: &apos;LAPTOP-D6IT8EFO&apos;, ip: &apos;192.168.1.6&apos;
Build info: version: &apos;4.8.0&apos;, revision: &apos;267030adea&apos;
System info: os.name: &apos;Windows 11&apos;, os.arch: &apos;amd64&apos;, os.version: &apos;10.0&apos;, java.version: &apos;17.0.4.1&apos;
Driver info: org.openqa.selenium.chrome.ChromeDriver
Command: [null, newSession {capabilities=[Capabilities {browserName: chrome, goog:chromeOptions: {args: [--remote-allow-origins=*], extensions: []}}], desiredCapabilities=Capabilities {browserName: chrome, goog:chromeOptions: {args: [--remote-allow-origins=*], extensions: []}}}]
	at org.openqa.selenium.remote.ProtocolHandshake.createSession(ProtocolHandshake.java:148)
	at org.openqa.selenium.remote.ProtocolHandshake.createSession(ProtocolHandshake.java:106)
	at org.openqa.selenium.remote.ProtocolHandshake.createSession(ProtocolHandshake.java:67)
	at org.openqa.selenium.remote.HttpCommandExecutor.execute(HttpCommandExecutor.java:156)
	at org.openqa.selenium.remote.service.DriverCommandExecutor.invokeExecute(DriverCommandExecutor.java:167)
	at org.openqa.selenium.remote.service.DriverCommandExecutor.execute(DriverCommandExecutor.java:142)
	at org.openqa.selenium.remote.RemoteWebDriver.execute(RemoteWebDriver.java:543)
	at org.openqa.selenium.remote.RemoteWebDriver.startSession(RemoteWebDriver.java:229)
	at org.openqa.selenium.remote.RemoteWebDriver.&lt;init&gt;(RemoteWebDriver.java:157)
	at org.openqa.selenium.chromium.ChromiumDriver.&lt;init&gt;(ChromiumDriver.java:101)
	at org.openqa.selenium.chrome.ChromeDriver.&lt;init&gt;(ChromeDriver.java:82)
	at org.openqa.selenium.chrome.ChromeDriver.&lt;init&gt;(ChromeDriver.java:71)
	at com.sevenmartsupermarket.base.Base.intialize(Base.java:43)
	at com.sevenmartsupermarket.base.Base.launchBrowser(Base.java:67)
	at java.base/java.util.ArrayList.forEach(ArrayList.java:1511)
	at java.base/java.util.concurrent.FutureTask.run(FutureTask.java:264)
	at java.base/java.util.concurrent.ThreadPoolExecutor.runWorker(ThreadPoolExecutor.java:1136)
	at java.base/java.util.concurrent.ThreadPoolExecutor$Worker.run(ThreadPoolExecutor.java:635)
	at java.base/java.lang.Thread.run(Thread.java:833)
... Removed 21 stack frames
</div> <!-- stack-trace -->
                </div> <!-- method-content -->
              </div> <!-- method -->
              <div class="method">
                <div class="method-content">
                  <a name="verifyUserSearch">
                  </a> <!-- verifyUserSearch -->
                  <span class="method-name">verifyUserSearch</span>
                  <div class="stack-trace">org.openqa.selenium.SessionNotCreatedException: Could not start a new session. Response code 500. Message: session not created
from no such execution context: loader has changed while resolving nodes
  (Session info: chrome=113.0.5672.126) 
Host info: host: &apos;LAPTOP-D6IT8EFO&apos;, ip: &apos;192.168.1.6&apos;
Build info: version: &apos;4.8.0&apos;, revision: &apos;267030adea&apos;
System info: os.name: &apos;Windows 11&apos;, os.arch: &apos;amd64&apos;, os.version: &apos;10.0&apos;, java.version: &apos;17.0.4.1&apos;
Driver info: org.openqa.selenium.chrome.ChromeDriver
Command: [null, newSession {capabilities=[Capabilities {browserName: chrome, goog:chromeOptions: {args: [--remote-allow-origins=*], extensions: []}}], desiredCapabilities=Capabilities {browserName: chrome, goog:chromeOptions: {args: [--remote-allow-origins=*], extensions: []}}}]
	at org.openqa.selenium.remote.ProtocolHandshake.createSession(ProtocolHandshake.java:148)
	at org.openqa.selenium.remote.ProtocolHandshake.createSession(ProtocolHandshake.java:106)
	at org.openqa.selenium.remote.ProtocolHandshake.createSession(ProtocolHandshake.java:67)
	at org.openqa.selenium.remote.HttpCommandExecutor.execute(HttpCommandExecutor.java:156)
	at org.openqa.selenium.remote.service.DriverCommandExecutor.invokeExecute(DriverCommandExecutor.java:167)
	at org.openqa.selenium.remote.service.DriverCommandExecutor.execute(DriverCommandExecutor.java:142)
	at org.openqa.selenium.remote.RemoteWebDriver.execute(RemoteWebDriver.java:543)
	at org.openqa.selenium.remote.RemoteWebDriver.startSession(RemoteWebDriver.java:229)
	at org.openqa.selenium.remote.RemoteWebDriver.&lt;init&gt;(RemoteWebDriver.java:157)
	at org.openqa.selenium.chromium.ChromiumDriver.&lt;init&gt;(ChromiumDriver.java:101)
	at org.openqa.selenium.chrome.ChromeDriver.&lt;init&gt;(ChromeDriver.java:82)
	at org.openqa.selenium.chrome.ChromeDriver.&lt;init&gt;(ChromeDriver.java:71)
	at com.sevenmartsupermarket.base.Base.intialize(Base.java:43)
	at com.sevenmartsupermarket.base.Base.launchBrowser(Base.java:67)
	at java.base/java.util.ArrayList.forEach(ArrayList.java:1511)
	at java.base/java.util.concurrent.FutureTask.run(FutureTask.java:264)
	at java.base/java.util.concurrent.ThreadPoolExecutor.runWorker(ThreadPoolExecutor.java:1136)
	at java.base/java.util.concurrent.ThreadPoolExecutor$Worker.run(ThreadPoolExecutor.java:635)
	at java.base/java.lang.Thread.run(Thread.java:833)
... Removed 21 stack frames
</div> <!-- stack-trace -->
                </div> <!-- method-content -->
              </div> <!-- method -->
            </div> <!-- main-panel-content rounded-window-bottom -->
          </div> <!-- suite-MultipleTesting-class-skipped -->
          <div class="suite-MultipleTesting-class-passed">
            <div class="main-panel-header rounded-window-top">
              <img src="passed.png"/>
              <span class="class-name">com.sevenmartsupermarket.tests.ManagePagesTest</span>
            </div> <!-- main-panel-header rounded-window-top -->
            <div class="main-panel-content rounded-window-bottom">
              <div class="method">
                <div class="method-content">
                  <a name="verifySearchPages">
                  </a> <!-- verifySearchPages -->
                  <span class="method-name">verifySearchPages</span>
                </div> <!-- method-content -->
              </div> <!-- method -->
            </div> <!-- main-panel-content rounded-window-bottom -->
          </div> <!-- suite-MultipleTesting-class-passed -->
          <div class="suite-MultipleTesting-class-passed">
            <div class="main-panel-header rounded-window-top">
              <img src="passed.png"/>
              <span class="class-name">com.sevenmartsupermarket.tests.AdminUsersTest</span>
            </div> <!-- main-panel-header rounded-window-top -->
            <div class="main-panel-content rounded-window-bottom">
              <div class="method">
                <div class="method-content">
                  <a name="verifyAdminUserName(Carlo, a3bnfoivwz7)">
                  </a> <!-- verifyAdminUserName(Carlo, a3bnfoivwz7) -->
                  <span class="method-name">verifyAdminUserName</span>
                  <span class="parameters">(Carlo,a3bnfoivwz7)</span>
                </div> <!-- method-content -->
              </div> <!-- method -->
              <div class="method">
                <div class="method-content">
                  <a name="verifyAdminUserName(Erica, dbxeuwa0l6z)">
                  </a> <!-- verifyAdminUserName(Erica, dbxeuwa0l6z) -->
                  <span class="method-name">verifyAdminUserName</span>
                  <span class="parameters">(Erica,dbxeuwa0l6z)</span>
                </div> <!-- method-content -->
              </div> <!-- method -->
            </div> <!-- main-panel-content rounded-window-bottom -->
          </div> <!-- suite-MultipleTesting-class-passed -->
          <div class="suite-MultipleTesting-class-passed">
            <div class="main-panel-header rounded-window-top">
              <img src="passed.png"/>
              <span class="class-name">com.sevenmartsupermarket.tests.ManageLocationTest</span>
            </div> <!-- main-panel-header rounded-window-top -->
            <div class="main-panel-content rounded-window-bottom">
              <div class="method">
                <div class="method-content">
                  <a name="verifyCreationOfLocation">
                  </a> <!-- verifyCreationOfLocation -->
                  <span class="method-name">verifyCreationOfLocation</span>
                </div> <!-- method-content -->
              </div> <!-- method -->
            </div> <!-- main-panel-content rounded-window-bottom -->
          </div> <!-- suite-MultipleTesting-class-passed -->
          <div class="suite-MultipleTesting-class-passed">
            <div class="main-panel-header rounded-window-top">
              <img src="passed.png"/>
              <span class="class-name">com.sevenmartsupermarket.tests.ManageSliderTest</span>
            </div> <!-- main-panel-header rounded-window-top -->
            <div class="main-panel-content rounded-window-bottom">
              <div class="method">
                <div class="method-content">
                  <a name="verifyNewSliderCreation(slideimage.jpg, https:\sevemmart.com)">
                  </a> <!-- verifyNewSliderCreation(slideimage.jpg, https:\sevemmart.com) -->
                  <span class="method-name">verifyNewSliderCreation</span>
                  <span class="parameters">(slideimage.jpg,https:\sevemmart.com)</span>
                </div> <!-- method-content -->
              </div> <!-- method -->
              <div class="method">
                <div class="method-content">
                  <a name="verifyNewSliderCreation(slideimage.jpg, https://grocerysevenmart.com)">
                  </a> <!-- verifyNewSliderCreation(slideimage.jpg, https://grocerysevenmart.com) -->
                  <span class="method-name">verifyNewSliderCreation</span>
                  <span class="parameters">(slideimage.jpg,https://grocerysevenmart.com)</span>
                </div> <!-- method-content -->
              </div> <!-- method -->
              <div class="method">
                <div class="method-content">
                  <a name="verifyNewSliderCreation(Beautiful.jpg, https:\grocery.com)">
                  </a> <!-- verifyNewSliderCreation(Beautiful.jpg, https:\grocery.com) -->
                  <span class="method-name">verifyNewSliderCreation</span>
                  <span class="parameters">(Beautiful.jpg,https:\grocery.com)</span>
                </div> <!-- method-content -->
              </div> <!-- method -->
            </div> <!-- main-panel-content rounded-window-bottom -->
          </div> <!-- suite-MultipleTesting-class-passed -->
          <div class="suite-MultipleTesting-class-passed">
            <div class="main-panel-header rounded-window-top">
              <img src="passed.png"/>
              <span class="class-name">com.sevenmartsupermarket.tests.LoginTest</span>
            </div> <!-- main-panel-header rounded-window-top -->
            <div class="main-panel-content rounded-window-bottom">
              <div class="method">
                <div class="method-content">
                  <a name="verifyInvalidLogin(user, admin)">
                  </a> <!-- verifyInvalidLogin(user, admin) -->
                  <span class="method-name">verifyInvalidLogin</span>
                  <span class="parameters">(user,admin)</span>
                </div> <!-- method-content -->
              </div> <!-- method -->
              <div class="method">
                <div class="method-content">
                  <a name="verifyInvalidLogin(saj12, 4567)">
                  </a> <!-- verifyInvalidLogin(saj12, 4567) -->
                  <span class="method-name">verifyInvalidLogin</span>
                  <span class="parameters">(saj12,4567)</span>
                </div> <!-- method-content -->
              </div> <!-- method -->
              <div class="method">
                <div class="method-content">
                  <a name="verifyInvalidLogin(sajina, 1234)">
                  </a> <!-- verifyInvalidLogin(sajina, 1234) -->
                  <span class="method-name">verifyInvalidLogin</span>
                  <span class="parameters">(sajina,1234)</span>
                </div> <!-- method-content -->
              </div> <!-- method -->
              <div class="method">
                <div class="method-content">
                  <a name="verifyInvalidLoginErrorMessage">
                  </a> <!-- verifyInvalidLoginErrorMessage -->
                  <span class="method-name">verifyInvalidLoginErrorMessage</span>
                </div> <!-- method-content -->
              </div> <!-- method -->
              <div class="method">
                <div class="method-content">
                  <a name="verifyLoginFunctionality">
                  </a> <!-- verifyLoginFunctionality -->
                  <span class="method-name">verifyLoginFunctionality</span>
                </div> <!-- method-content -->
              </div> <!-- method -->
              <div class="method">
                <div class="method-content">
                  <a name="verifyRememberCheckBox">
                  </a> <!-- verifyRememberCheckBox -->
                  <span class="method-name">verifyRememberCheckBox</span>
                </div> <!-- method-content -->
              </div> <!-- method -->
              <div class="method">
                <div class="method-content">
                  <a name="verifySignInButtonEnabled">
                  </a> <!-- verifySignInButtonEnabled -->
                  <span class="method-name">verifySignInButtonEnabled</span>
                </div> <!-- method-content -->
              </div> <!-- method -->
            </div> <!-- main-panel-content rounded-window-bottom -->
          </div> <!-- suite-MultipleTesting-class-passed -->
          <div class="suite-MultipleTesting-class-passed">
            <div class="main-panel-header rounded-window-top">
              <img src="passed.png"/>
              <span class="class-name">com.sevenmartsupermarket.tests.PushNotificationTest</span>
            </div> <!-- main-panel-header rounded-window-top -->
            <div class="main-panel-content rounded-window-bottom">
              <div class="method">
                <div class="method-content">
                  <a name="verifyPushNotification">
                  </a> <!-- verifyPushNotification -->
                  <span class="method-name">verifyPushNotification</span>
                </div> <!-- method-content -->
              </div> <!-- method -->
            </div> <!-- main-panel-content rounded-window-bottom -->
          </div> <!-- suite-MultipleTesting-class-passed -->
          <div class="suite-MultipleTesting-class-passed">
            <div class="main-panel-header rounded-window-top">
              <img src="passed.png"/>
              <span class="class-name">com.sevenmartsupermarket.tests.ManageDeliveryBoyTest</span>
            </div> <!-- main-panel-header rounded-window-top -->
            <div class="main-panel-content rounded-window-bottom">
              <div class="method">
                <div class="method-content">
                  <a name="verifyDeliveryBoySearch">
                  </a> <!-- verifyDeliveryBoySearch -->
                  <span class="method-name">verifyDeliveryBoySearch</span>
                </div> <!-- method-content -->
              </div> <!-- method -->
            </div> <!-- main-panel-content rounded-window-bottom -->
          </div> <!-- suite-MultipleTesting-class-passed -->
          <div class="suite-MultipleTesting-class-passed">
            <div class="main-panel-header rounded-window-top">
              <img src="passed.png"/>
              <span class="class-name">com.sevenmartsupermarket.tests.HomePageTest</span>
            </div> <!-- main-panel-header rounded-window-top -->
            <div class="main-panel-content rounded-window-bottom">
              <div class="method">
                <div class="method-content">
                  <a name="verifyLogoText">
                  </a> <!-- verifyLogoText -->
                  <span class="method-name">verifyLogoText</span>
                </div> <!-- method-content -->
              </div> <!-- method -->
            </div> <!-- main-panel-content rounded-window-bottom -->
          </div> <!-- suite-MultipleTesting-class-passed -->
        </div> <!-- panel MultipleTesting -->
        <div panel-name="test-xml-MultipleTesting" class="panel">
          <div class="main-panel-header rounded-window-top">
            <span class="header-content">C:\Users\USER\OneDrive\Desktop\eclipse\com.sevenmartsupermarket\src\main\resources\xmlFiles\Parellel.xml</span>
          </div> <!-- main-panel-header rounded-window-top -->
          <div class="main-panel-content rounded-window-bottom">
            <pre>
&lt;?xml version=&quot;1.0&quot; encoding=&quot;UTF-8&quot;?&gt;
&lt;!DOCTYPE suite SYSTEM &quot;https://testng.org/testng-1.0.dtd&quot;&gt;
&lt;suite parallel=&quot;tests&quot; name=&quot;MultipleTesting&quot; guice-stage=&quot;DEVELOPMENT&quot;&gt;
  &lt;listeners&gt;
    &lt;listener class-name=&quot;com.sevenmartsupermarket.listeners.ExtentReporter&quot;/&gt;
  &lt;/listeners&gt;
  &lt;test thread-count=&quot;5&quot; parallel=&quot;tests&quot; name=&quot;SmokeRun&quot;&gt;
    &lt;classes&gt;
      &lt;class name=&quot;com.sevenmartsupermarket.tests.LoginTest&quot;/&gt;
      &lt;class name=&quot;com.sevenmartsupermarket.tests.AdminUsersTest&quot;/&gt;
      &lt;class name=&quot;com.sevenmartsupermarket.tests.ManageDeliveryBoyTest&quot;/&gt;
      &lt;class name=&quot;com.sevenmartsupermarket.tests.ManageSliderTest&quot;/&gt;
    &lt;/classes&gt;
  &lt;/test&gt; &lt;!-- SmokeRun --&gt;
  &lt;test thread-count=&quot;5&quot; parallel=&quot;tests&quot; name=&quot;ParellelRun&quot;&gt;
    &lt;classes&gt;
      &lt;class name=&quot;com.sevenmartsupermarket.tests.ManageUsersTest&quot;/&gt;
      &lt;class name=&quot;com.sevenmartsupermarket.tests.PushNotificationTest&quot;/&gt;
      &lt;class name=&quot;com.sevenmartsupermarket.tests.HomePageTest&quot;/&gt;
      &lt;class name=&quot;com.sevenmartsupermarket.tests.ManageLocationTest&quot;/&gt;
      &lt;class name=&quot;com.sevenmartsupermarket.tests.ManagePagesTest&quot;/&gt;
    &lt;/classes&gt;
  &lt;/test&gt; &lt;!-- ParellelRun --&gt;
&lt;/suite&gt; &lt;!-- MultipleTesting --&gt;
            </pre>
          </div> <!-- main-panel-content rounded-window-bottom -->
        </div> <!-- panel -->
        <div panel-name="testlist-MultipleTesting" class="panel">
          <div class="main-panel-header rounded-window-top">
            <span class="header-content">Tests for MultipleTesting</span>
          </div> <!-- main-panel-header rounded-window-top -->
          <div class="main-panel-content rounded-window-bottom">
            <ul>
              <li>
                <span class="test-name">SmokeRun (4 classes)</span>
              </li>
              <li>
                <span class="test-name">ParellelRun (5 classes)</span>
              </li>
            </ul>
          </div> <!-- main-panel-content rounded-window-bottom -->
        </div> <!-- panel -->
        <div panel-name="group-MultipleTesting" class="panel">
          <div class="main-panel-header rounded-window-top">
            <span class="header-content">Groups for MultipleTesting</span>
          </div> <!-- main-panel-header rounded-window-top -->
          <div class="main-panel-content rounded-window-bottom">
            <div class="test-group">
              <span class="test-group-name">Smoke</span>
              <br/>
              <div class="method-in-group">
                <span class="method-in-group-name">verifyPushNotification</span>
                <br/>
              </div> <!-- method-in-group -->
            </div> <!-- test-group -->
            <div class="test-group">
              <span class="test-group-name">sanity</span>
              <br/>
              <div class="method-in-group">
                <span class="method-in-group-name">verifyAdminUsers</span>
                <br/>
              </div> <!-- method-in-group -->
            </div> <!-- test-group -->
            <div class="test-group">
              <span class="test-group-name">smoke</span>
              <br/>
              <div class="method-in-group">
                <span class="method-in-group-name">verifyAdminUsers</span>
                <br/>
              </div> <!-- method-in-group -->
              <div class="method-in-group">
                <span class="method-in-group-name">verifyRememberCheckBox</span>
                <br/>
              </div> <!-- method-in-group -->
              <div class="method-in-group">
                <span class="method-in-group-name">verifyUserSearch</span>
                <br/>
              </div> <!-- method-in-group -->
            </div> <!-- test-group -->
          </div> <!-- main-panel-content rounded-window-bottom -->
        </div> <!-- panel -->
        <div panel-name="times-MultipleTesting" class="panel">
          <div class="main-panel-header rounded-window-top">
            <span class="header-content">Times for MultipleTesting</span>
          </div> <!-- main-panel-header rounded-window-top -->
          <div class="main-panel-content rounded-window-bottom">
            <div class="times-div">
              <script type="text/javascript">
suiteTableInitFunctions.push('tableData_MultipleTesting');
function tableData_MultipleTesting() {
var data = new google.visualization.DataTable();
data.addColumn('number', 'Number');
data.addColumn('string', 'Method');
data.addColumn('string', 'Class');
data.addColumn('number', 'Time (ms)');
data.addRows(27);
data.setCell(0, 0, 0)
data.setCell(0, 1, 'verifyDeliveryBoyWithDataProvider')
data.setCell(0, 2, 'com.sevenmartsupermarket.tests.ManageDeliveryBoyTest')
data.setCell(0, 3, 19089);
data.setCell(1, 0, 1)
data.setCell(1, 1, 'verifyDeliveryBoy')
data.setCell(1, 2, 'com.sevenmartsupermarket.tests.ManageDeliveryBoyTest')
data.setCell(1, 3, 18557);
data.setCell(2, 0, 2)
data.setCell(2, 1, 'verifyDeliveryBoyWithDataProvider')
data.setCell(2, 2, 'com.sevenmartsupermarket.tests.ManageDeliveryBoyTest')
data.setCell(2, 3, 18069);
data.setCell(3, 0, 3)
data.setCell(3, 1, 'verifyNewPageCreation')
data.setCell(3, 2, 'com.sevenmartsupermarket.tests.ManagePagesTest')
data.setCell(3, 3, 17548);
data.setCell(4, 0, 4)
data.setCell(4, 1, 'verifyNewPageCreation')
data.setCell(4, 2, 'com.sevenmartsupermarket.tests.ManagePagesTest')
data.setCell(4, 3, 17475);
data.setCell(5, 0, 5)
data.setCell(5, 1, 'verifyUserSearch')
data.setCell(5, 2, 'com.sevenmartsupermarket.tests.ManageUsersTest')
data.setCell(5, 3, 13292);
data.setCell(6, 0, 6)
data.setCell(6, 1, 'verifyUserStatusAction')
data.setCell(6, 2, 'com.sevenmartsupermarket.tests.ManageUsersTest')
data.setCell(6, 3, 12767);
data.setCell(7, 0, 7)
data.setCell(7, 1, 'verifyCreationOfLocation')
data.setCell(7, 2, 'com.sevenmartsupermarket.tests.ManageLocationTest')
data.setCell(7, 3, 11390);
data.setCell(8, 0, 8)
data.setCell(8, 1, 'verifyDeliveryBoySearch')
data.setCell(8, 2, 'com.sevenmartsupermarket.tests.ManageDeliveryBoyTest')
data.setCell(8, 3, 6200);
data.setCell(9, 0, 9)
data.setCell(9, 1, 'verifyLinkStatus')
data.setCell(9, 2, 'com.sevenmartsupermarket.tests.ManageSliderTest')
data.setCell(9, 3, 4327);
data.setCell(10, 0, 10)
data.setCell(10, 1, 'verifySearchPages')
data.setCell(10, 2, 'com.sevenmartsupermarket.tests.ManagePagesTest')
data.setCell(10, 3, 4298);
data.setCell(11, 0, 11)
data.setCell(11, 1, 'verifyPushNotification')
data.setCell(11, 2, 'com.sevenmartsupermarket.tests.PushNotificationTest')
data.setCell(11, 3, 4285);
data.setCell(12, 0, 12)
data.setCell(12, 1, 'verifyAdminUserName')
data.setCell(12, 2, 'com.sevenmartsupermarket.tests.AdminUsersTest')
data.setCell(12, 3, 3928);
data.setCell(13, 0, 13)
data.setCell(13, 1, 'verifyAdminUserName')
data.setCell(13, 2, 'com.sevenmartsupermarket.tests.AdminUsersTest')
data.setCell(13, 3, 3810);
data.setCell(14, 0, 14)
data.setCell(14, 1, 'verifyNewSliderCreation')
data.setCell(14, 2, 'com.sevenmartsupermarket.tests.ManageSliderTest')
data.setCell(14, 3, 3641);
data.setCell(15, 0, 15)
data.setCell(15, 1, 'verifyNewSliderCreation')
data.setCell(15, 2, 'com.sevenmartsupermarket.tests.ManageSliderTest')
data.setCell(15, 3, 3341);
data.setCell(16, 0, 16)
data.setCell(16, 1, 'verifyNewSliderCreation')
data.setCell(16, 2, 'com.sevenmartsupermarket.tests.ManageSliderTest')
data.setCell(16, 3, 3279);
data.setCell(17, 0, 17)
data.setCell(17, 1, 'verifyInvalidLoginErrorMessage')
data.setCell(17, 2, 'com.sevenmartsupermarket.tests.LoginTest')
data.setCell(17, 3, 2983);
data.setCell(18, 0, 18)
data.setCell(18, 1, 'verifyLogoText')
data.setCell(18, 2, 'com.sevenmartsupermarket.tests.HomePageTest')
data.setCell(18, 3, 2904);
data.setCell(19, 0, 19)
data.setCell(19, 1, 'verifyInvalidLogin')
data.setCell(19, 2, 'com.sevenmartsupermarket.tests.LoginTest')
data.setCell(19, 3, 1536);
data.setCell(20, 0, 20)
data.setCell(20, 1, 'verifyLoginFunctionality')
data.setCell(20, 2, 'com.sevenmartsupermarket.tests.LoginTest')
data.setCell(20, 3, 1075);
data.setCell(21, 0, 21)
data.setCell(21, 1, 'verifyInvalidLogin')
data.setCell(21, 2, 'com.sevenmartsupermarket.tests.LoginTest')
data.setCell(21, 3, 859);
data.setCell(22, 0, 22)
data.setCell(22, 1, 'verifyInvalidLogin')
data.setCell(22, 2, 'com.sevenmartsupermarket.tests.LoginTest')
data.setCell(22, 3, 780);
data.setCell(23, 0, 23)
data.setCell(23, 1, 'verifyRememberCheckBox')
data.setCell(23, 2, 'com.sevenmartsupermarket.tests.LoginTest')
data.setCell(23, 3, 382);
data.setCell(24, 0, 24)
data.setCell(24, 1, 'verifySignInButtonEnabled')
data.setCell(24, 2, 'com.sevenmartsupermarket.tests.LoginTest')
data.setCell(24, 3, 153);
data.setCell(25, 0, 25)
data.setCell(25, 1, 'verifyAdminUsers')
data.setCell(25, 2, 'com.sevenmartsupermarket.tests.AdminUsersTest')
data.setCell(25, 3, 0);
data.setCell(26, 0, 26)
data.setCell(26, 1, 'verifyUserSearch')
data.setCell(26, 2, 'com.sevenmartsupermarket.tests.AdminUsersTest')
data.setCell(26, 3, 0);
window.suiteTableData['MultipleTesting']= { tableData: data, tableDiv: 'times-div-MultipleTesting'}
return data;
}
              </script>
              <span class="suite-total-time">Total running time: 3 minutes</span>
              <div id="times-div-MultipleTesting">
              </div> <!-- times-div-MultipleTesting -->
            </div> <!-- times-div -->
          </div> <!-- main-panel-content rounded-window-bottom -->
        </div> <!-- panel -->
        <div panel-name="reporter-MultipleTesting" class="panel">
          <div class="main-panel-header rounded-window-top">
            <span class="header-content">Reporter output for MultipleTesting</span>
          </div> <!-- main-panel-header rounded-window-top -->
          <div class="main-panel-content rounded-window-bottom">
          </div> <!-- main-panel-content rounded-window-bottom -->
        </div> <!-- panel -->
        <div panel-name="ignored-methods-MultipleTesting" class="panel">
          <div class="main-panel-header rounded-window-top">
            <span class="header-content">0 ignored methods</span>
          </div> <!-- main-panel-header rounded-window-top -->
          <div class="main-panel-content rounded-window-bottom">
          </div> <!-- main-panel-content rounded-window-bottom -->
        </div> <!-- panel -->
        <div panel-name="chronological-MultipleTesting" class="panel">
          <div class="main-panel-header rounded-window-top">
            <span class="header-content">Methods in chronological order</span>
          </div> <!-- main-panel-header rounded-window-top -->
          <div class="main-panel-content rounded-window-bottom">
            <div class="chronological-class">
              <div class="chronological-class-name">com.sevenmartsupermarket.tests.ManageUsersTest</div> <!-- chronological-class-name -->
              <div class="configuration-method before">
                <span class="method-name">launchBrowser</span>
                <span class="method-start">0 ms</span>
              </div> <!-- configuration-method before -->
            </div> <!-- chronological-class -->
            <div class="chronological-class">
              <div class="chronological-class-name">com.sevenmartsupermarket.tests.LoginTest</div> <!-- chronological-class-name -->
              <div class="configuration-method before">
                <span class="method-name">launchBrowser</span>
                <span class="method-start">2884 ms</span>
              </div> <!-- configuration-method before -->
            </div> <!-- chronological-class -->
            <div class="chronological-class">
              <div class="chronological-class-name">com.sevenmartsupermarket.tests.ManageUsersTest</div> <!-- chronological-class-name -->
              <div class="test-method">
                <img src="failed.png">
                </img>
                <span class="method-name">verifyUserSearch</span>
                <span class="method-start">10032 ms</span>
              </div> <!-- test-method -->
            </div> <!-- chronological-class -->
            <div class="chronological-class">
              <div class="chronological-class-name">com.sevenmartsupermarket.tests.LoginTest</div> <!-- chronological-class-name -->
              <div class="test-method">
                <span class="method-name">verifyInvalidLogin(user, admin)</span>
                <span class="method-start">10627 ms</span>
              </div> <!-- test-method -->
              <div class="configuration-method after">
                <span class="method-name">terminateBrowser([TestResult name=verifyInvalidLogin status=SUCCESS method=LoginTest.verifyInvalidLogin(java.lang.Str...)</span>
                <span class="method-start">12167 ms</span>
              </div> <!-- configuration-method after -->
              <div class="configuration-method before">
                <span class="method-name">launchBrowser</span>
                <span class="method-start">13566 ms</span>
              </div> <!-- configuration-method before -->
              <div class="test-method">
                <span class="method-name">verifyInvalidLogin(sajina, 1234)</span>
                <span class="method-start">17283 ms</span>
              </div> <!-- test-method -->
              <div class="configuration-method after">
                <span class="method-name">terminateBrowser([TestResult name=verifyInvalidLogin status=SUCCESS method=LoginTest.verifyInvalidLogin(java.lang.Str...)</span>
                <span class="method-start">18158 ms</span>
              </div> <!-- configuration-method after -->
              <div class="configuration-method before">
                <span class="method-name">launchBrowser</span>
                <span class="method-start">18746 ms</span>
              </div> <!-- configuration-method before -->
              <div class="test-method">
                <span class="method-name">verifyInvalidLogin(saj12, 4567)</span>
                <span class="method-start">22194 ms</span>
              </div> <!-- test-method -->
              <div class="configuration-method after">
                <span class="method-name">terminateBrowser([TestResult name=verifyInvalidLogin status=SUCCESS method=LoginTest.verifyInvalidLogin(java.lang.Str...)</span>
                <span class="method-start">22974 ms</span>
              </div> <!-- configuration-method after -->
            </div> <!-- chronological-class -->
            <div class="chronological-class">
              <div class="chronological-class-name">com.sevenmartsupermarket.tests.ManageUsersTest</div> <!-- chronological-class-name -->
              <div class="configuration-method after">
                <span class="method-name">terminateBrowser([TestResult name=verifyUserSearch status=FAILURE method=ManageUsersTest.verifyUserSearch()[pri:0, in...)</span>
                <span class="method-start">23343 ms</span>
              </div> <!-- configuration-method after -->
            </div> <!-- chronological-class -->
            <div class="chronological-class">
              <div class="chronological-class-name">com.sevenmartsupermarket.tests.LoginTest</div> <!-- chronological-class-name -->
              <div class="configuration-method before">
                <span class="method-name">launchBrowser</span>
                <span class="method-start">24088 ms</span>
              </div> <!-- configuration-method before -->
            </div> <!-- chronological-class -->
            <div class="chronological-class">
              <div class="chronological-class-name">com.sevenmartsupermarket.tests.ManageUsersTest</div> <!-- chronological-class-name -->
              <div class="configuration-method before">
                <span class="method-name">launchBrowser</span>
                <span class="method-start">24511 ms</span>
              </div> <!-- configuration-method before -->
            </div> <!-- chronological-class -->
            <div class="chronological-class">
              <div class="chronological-class-name">com.sevenmartsupermarket.tests.LoginTest</div> <!-- chronological-class-name -->
              <div class="test-method">
                <span class="method-name">verifyInvalidLoginErrorMessage</span>
                <span class="method-start">29370 ms</span>
              </div> <!-- test-method -->
            </div> <!-- chronological-class -->
            <div class="chronological-class">
              <div class="chronological-class-name">com.sevenmartsupermarket.tests.ManageUsersTest</div> <!-- chronological-class-name -->
              <div class="test-method">
                <img src="failed.png">
                </img>
                <span class="method-name">verifyUserStatusAction</span>
                <span class="method-start">30785 ms</span>
              </div> <!-- test-method -->
            </div> <!-- chronological-class -->
            <div class="chronological-class">
              <div class="chronological-class-name">com.sevenmartsupermarket.tests.LoginTest</div> <!-- chronological-class-name -->
              <div class="configuration-method after">
                <span class="method-name">terminateBrowser([TestResult name=verifyInvalidLoginErrorMessage status=SUCCESS method=LoginTest.verifyInvalidLoginEr...)</span>
                <span class="method-start">32361 ms</span>
              </div> <!-- configuration-method after -->
              <div class="configuration-method before">
                <span class="method-name">launchBrowser</span>
                <span class="method-start">33265 ms</span>
              </div> <!-- configuration-method before -->
              <div class="test-method">
                <span class="method-name">verifyLoginFunctionality</span>
                <span class="method-start">36590 ms</span>
              </div> <!-- test-method -->
              <div class="configuration-method after">
                <span class="method-name">terminateBrowser([TestResult name=verifyLoginFunctionality status=SUCCESS method=LoginTest.verifyLoginFunctionality()...)</span>
                <span class="method-start">37696 ms</span>
              </div> <!-- configuration-method after -->
              <div class="configuration-method before">
                <span class="method-name">launchBrowser</span>
                <span class="method-start">38242 ms</span>
              </div> <!-- configuration-method before -->
              <div class="test-method">
                <span class="method-name">verifyRememberCheckBox</span>
                <span class="method-start">41066 ms</span>
              </div> <!-- test-method -->
              <div class="configuration-method after">
                <span class="method-name">terminateBrowser([TestResult name=verifyRememberCheckBox status=SUCCESS method=LoginTest.verifyRememberCheckBox()[pri...)</span>
                <span class="method-start">41450 ms</span>
              </div> <!-- configuration-method after -->
              <div class="configuration-method before">
                <span class="method-name">launchBrowser</span>
                <span class="method-start">41849 ms</span>
              </div> <!-- configuration-method before -->
            </div> <!-- chronological-class -->
            <div class="chronological-class">
              <div class="chronological-class-name">com.sevenmartsupermarket.tests.ManageUsersTest</div> <!-- chronological-class-name -->
              <div class="configuration-method after">
                <span class="method-name">terminateBrowser([TestResult name=verifyUserStatusAction status=FAILURE method=ManageUsersTest.verifyUserStatusAction...)</span>
                <span class="method-start">43555 ms</span>
              </div> <!-- configuration-method after -->
            </div> <!-- chronological-class -->
            <div class="chronological-class">
              <div class="chronological-class-name">com.sevenmartsupermarket.tests.LoginTest</div> <!-- chronological-class-name -->
              <div class="test-method">
                <span class="method-name">verifySignInButtonEnabled</span>
                <span class="method-start">45119 ms</span>
              </div> <!-- test-method -->
              <div class="configuration-method after">
                <span class="method-name">terminateBrowser([TestResult name=verifySignInButtonEnabled status=SUCCESS method=LoginTest.verifySignInButtonEnabled...)</span>
                <span class="method-start">45272 ms</span>
              </div> <!-- configuration-method after -->
            </div> <!-- chronological-class -->
            <div class="chronological-class">
              <div class="chronological-class-name">com.sevenmartsupermarket.tests.PushNotificationTest</div> <!-- chronological-class-name -->
              <div class="configuration-method before">
                <span class="method-name">launchBrowser</span>
                <span class="method-start">45774 ms</span>
              </div> <!-- configuration-method before -->
            </div> <!-- chronological-class -->
            <div class="chronological-class">
              <div class="chronological-class-name">com.sevenmartsupermarket.tests.AdminUsersTest</div> <!-- chronological-class-name -->
              <div class="configuration-method before">
                <span class="method-name">launchBrowser</span>
                <span class="method-start">46135 ms</span>
              </div> <!-- configuration-method before -->
              <div class="test-method">
                <span class="method-name">verifyAdminUserName(Carlo, a3bnfoivwz7)</span>
                <span class="method-start">51361 ms</span>
              </div> <!-- test-method -->
            </div> <!-- chronological-class -->
            <div class="chronological-class">
              <div class="chronological-class-name">com.sevenmartsupermarket.tests.PushNotificationTest</div> <!-- chronological-class-name -->
              <div class="test-method">
                <span class="method-name">verifyPushNotification</span>
                <span class="method-start">51531 ms</span>
              </div> <!-- test-method -->
            </div> <!-- chronological-class -->
            <div class="chronological-class">
              <div class="chronological-class-name">com.sevenmartsupermarket.tests.AdminUsersTest</div> <!-- chronological-class-name -->
              <div class="configuration-method after">
                <span class="method-name">terminateBrowser([TestResult name=verifyAdminUserName status=SUCCESS method=AdminUsersTest.verifyAdminUserName(java.l...)</span>
                <span class="method-start">55294 ms</span>
              </div> <!-- configuration-method after -->
            </div> <!-- chronological-class -->
            <div class="chronological-class">
              <div class="chronological-class-name">com.sevenmartsupermarket.tests.PushNotificationTest</div> <!-- chronological-class-name -->
              <div class="configuration-method after">
                <span class="method-name">terminateBrowser([TestResult name=verifyPushNotification status=SUCCESS method=PushNotificationTest.verifyPushNotific...)</span>
                <span class="method-start">55819 ms</span>
              </div> <!-- configuration-method after -->
            </div> <!-- chronological-class -->
            <div class="chronological-class">
              <div class="chronological-class-name">com.sevenmartsupermarket.tests.HomePageTest</div> <!-- chronological-class-name -->
              <div class="configuration-method before">
                <span class="method-name">launchBrowser</span>
                <span class="method-start">56047 ms</span>
              </div> <!-- configuration-method before -->
            </div> <!-- chronological-class -->
            <div class="chronological-class">
              <div class="chronological-class-name">com.sevenmartsupermarket.tests.AdminUsersTest</div> <!-- chronological-class-name -->
              <div class="configuration-method before">
                <span class="method-name">launchBrowser</span>
                <span class="method-start">56496 ms</span>
              </div> <!-- configuration-method before -->
              <div class="test-method">
                <span class="method-name">verifyAdminUserName(Erica, dbxeuwa0l6z)</span>
                <span class="method-start">61709 ms</span>
              </div> <!-- test-method -->
            </div> <!-- chronological-class -->
            <div class="chronological-class">
              <div class="chronological-class-name">com.sevenmartsupermarket.tests.HomePageTest</div> <!-- chronological-class-name -->
              <div class="test-method">
                <span class="method-name">verifyLogoText</span>
                <span class="method-start">61887 ms</span>
              </div> <!-- test-method -->
              <div class="configuration-method after">
                <span class="method-name">terminateBrowser([TestResult name=verifyLogoText status=SUCCESS method=HomePageTest.verifyLogoText()[pri:0, instance:...)</span>
                <span class="method-start">64793 ms</span>
              </div> <!-- configuration-method after -->
            </div> <!-- chronological-class -->
            <div class="chronological-class">
              <div class="chronological-class-name">com.sevenmartsupermarket.tests.ManageLocationTest</div> <!-- chronological-class-name -->
              <div class="configuration-method before">
                <span class="method-name">launchBrowser</span>
                <span class="method-start">65315 ms</span>
              </div> <!-- configuration-method before -->
            </div> <!-- chronological-class -->
            <div class="chronological-class">
              <div class="chronological-class-name">com.sevenmartsupermarket.tests.AdminUsersTest</div> <!-- chronological-class-name -->
              <div class="configuration-method after">
                <span class="method-name">terminateBrowser([TestResult name=verifyAdminUserName status=SUCCESS method=AdminUsersTest.verifyAdminUserName(java.l...)</span>
                <span class="method-start">65521 ms</span>
              </div> <!-- configuration-method after -->
              <div class="configuration-method before">
                <img src="failed.png">
                </img>
                <span class="method-name">launchBrowser</span>
                <span class="method-start">65939 ms</span>
              </div> <!-- configuration-method before -->
            </div> <!-- chronological-class -->
            <div class="chronological-class">
              <div class="chronological-class-name">com.sevenmartsupermarket.tests.ManageLocationTest</div> <!-- chronological-class-name -->
              <div class="test-method">
                <span class="method-name">verifyCreationOfLocation</span>
                <span class="method-start">70532 ms</span>
              </div> <!-- test-method -->
            </div> <!-- chronological-class -->
            <div class="chronological-class">
              <div class="chronological-class-name">com.sevenmartsupermarket.tests.AdminUsersTest</div> <!-- chronological-class-name -->
              <div class="test-method">
                <span class="method-name">verifyAdminUsers</span>
                <span class="method-start">71204 ms</span>
              </div> <!-- test-method -->
              <div class="configuration-method after">
                <span class="method-name">terminateBrowser</span>
                <span class="method-start">71222 ms</span>
              </div> <!-- configuration-method after -->
              <div class="configuration-method before">
                <span class="method-name">launchBrowser</span>
                <span class="method-start">71241 ms</span>
              </div> <!-- configuration-method before -->
              <div class="test-method">
                <span class="method-name">verifyUserSearch</span>
                <span class="method-start">75476 ms</span>
              </div> <!-- test-method -->
              <div class="configuration-method after">
                <span class="method-name">terminateBrowser</span>
                <span class="method-start">75487 ms</span>
              </div> <!-- configuration-method after -->
            </div> <!-- chronological-class -->
            <div class="chronological-class">
              <div class="chronological-class-name">com.sevenmartsupermarket.tests.ManageDeliveryBoyTest</div> <!-- chronological-class-name -->
              <div class="configuration-method before">
                <span class="method-name">launchBrowser</span>
                <span class="method-start">75493 ms</span>
              </div> <!-- configuration-method before -->
              <div class="test-method">
                <img src="failed.png">
                </img>
                <span class="method-name">verifyDeliveryBoy</span>
                <span class="method-start">79824 ms</span>
              </div> <!-- test-method -->
            </div> <!-- chronological-class -->
            <div class="chronological-class">
              <div class="chronological-class-name">com.sevenmartsupermarket.tests.ManageLocationTest</div> <!-- chronological-class-name -->
              <div class="configuration-method after">
                <span class="method-name">terminateBrowser([TestResult name=verifyCreationOfLocation status=SUCCESS method=ManageLocationTest.verifyCreationOfL...)</span>
                <span class="method-start">81922 ms</span>
              </div> <!-- configuration-method after -->
            </div> <!-- chronological-class -->
            <div class="chronological-class">
              <div class="chronological-class-name">com.sevenmartsupermarket.tests.ManagePagesTest</div> <!-- chronological-class-name -->
              <div class="configuration-method before">
                <span class="method-name">launchBrowser</span>
                <span class="method-start">85032 ms</span>
              </div> <!-- configuration-method before -->
              <div class="test-method">
                <img src="failed.png">
                </img>
                <span class="method-name">verifyNewPageCreation(page1, testpage1, abcdefghh, Beautiful.jpg)</span>
                <span class="method-start">88581 ms</span>
              </div> <!-- test-method -->
            </div> <!-- chronological-class -->
            <div class="chronological-class">
              <div class="chronological-class-name">com.sevenmartsupermarket.tests.ManageDeliveryBoyTest</div> <!-- chronological-class-name -->
              <div class="configuration-method after">
                <span class="method-name">terminateBrowser([TestResult name=verifyDeliveryBoy status=FAILURE method=ManageDeliveryBoyTest.verifyDeliveryBoy()[p...)</span>
                <span class="method-start">98390 ms</span>
              </div> <!-- configuration-method after -->
              <div class="configuration-method before">
                <span class="method-name">launchBrowser</span>
                <span class="method-start">99197 ms</span>
              </div> <!-- configuration-method before -->
              <div class="test-method">
                <span class="method-name">verifyDeliveryBoySearch</span>
                <span class="method-start">102398 ms</span>
              </div> <!-- test-method -->
            </div> <!-- chronological-class -->
            <div class="chronological-class">
              <div class="chronological-class-name">com.sevenmartsupermarket.tests.ManagePagesTest</div> <!-- chronological-class-name -->
              <div class="configuration-method after">
                <span class="method-name">terminateBrowser([TestResult name=verifyNewPageCreation status=FAILURE method=ManagePagesTest.verifyNewPageCreation(j...)</span>
                <span class="method-start">106253 ms</span>
              </div> <!-- configuration-method after -->
            </div> <!-- chronological-class -->
            <div class="chronological-class">
              <div class="chronological-class-name">com.sevenmartsupermarket.tests.ManageDeliveryBoyTest</div> <!-- chronological-class-name -->
              <div class="configuration-method after">
                <span class="method-name">terminateBrowser([TestResult name=verifyDeliveryBoySearch status=SUCCESS method=ManageDeliveryBoyTest.verifyDeliveryB...)</span>
                <span class="method-start">108598 ms</span>
              </div> <!-- configuration-method after -->
              <div class="configuration-method before">
                <span class="method-name">launchBrowser</span>
                <span class="method-start">109928 ms</span>
              </div> <!-- configuration-method before -->
            </div> <!-- chronological-class -->
            <div class="chronological-class">
              <div class="chronological-class-name">com.sevenmartsupermarket.tests.ManagePagesTest</div> <!-- chronological-class-name -->
              <div class="configuration-method before">
                <span class="method-name">launchBrowser</span>
                <span class="method-start">110444 ms</span>
              </div> <!-- configuration-method before -->
            </div> <!-- chronological-class -->
            <div class="chronological-class">
              <div class="chronological-class-name">com.sevenmartsupermarket.tests.ManageDeliveryBoyTest</div> <!-- chronological-class-name -->
              <div class="test-method">
                <img src="failed.png">
                </img>
                <span class="method-name">verifyDeliveryBoyWithDataProvider(DeliveryBoy, deliveryBoy@test.com, 32462, DeliveryAddress, Deliveryboy239, 988090)</span>
                <span class="method-start">115340 ms</span>
              </div> <!-- test-method -->
            </div> <!-- chronological-class -->
            <div class="chronological-class">
              <div class="chronological-class-name">com.sevenmartsupermarket.tests.ManagePagesTest</div> <!-- chronological-class-name -->
              <div class="test-method">
                <img src="failed.png">
                </img>
                <span class="method-name">verifyNewPageCreation(page2, testpage2, uuhjighjibkmn, Beautiful.jpg)</span>
                <span class="method-start">116554 ms</span>
              </div> <!-- test-method -->
              <div class="configuration-method after">
                <span class="method-name">terminateBrowser([TestResult name=verifyNewPageCreation status=FAILURE method=ManagePagesTest.verifyNewPageCreation(j...)</span>
                <span class="method-start">134102 ms</span>
              </div> <!-- configuration-method after -->
            </div> <!-- chronological-class -->
            <div class="chronological-class">
              <div class="chronological-class-name">com.sevenmartsupermarket.tests.ManageDeliveryBoyTest</div> <!-- chronological-class-name -->
              <div class="configuration-method after">
                <span class="method-name">terminateBrowser([TestResult name=verifyDeliveryBoyWithDataProvider status=FAILURE method=ManageDeliveryBoyTest.verif...)</span>
                <span class="method-start">134445 ms</span>
              </div> <!-- configuration-method after -->
              <div class="configuration-method before">
                <span class="method-name">launchBrowser</span>
                <span class="method-start">135109 ms</span>
              </div> <!-- configuration-method before -->
            </div> <!-- chronological-class -->
            <div class="chronological-class">
              <div class="chronological-class-name">com.sevenmartsupermarket.tests.ManagePagesTest</div> <!-- chronological-class-name -->
              <div class="configuration-method before">
                <span class="method-name">launchBrowser</span>
                <span class="method-start">135407 ms</span>
              </div> <!-- configuration-method before -->
            </div> <!-- chronological-class -->
            <div class="chronological-class">
              <div class="chronological-class-name">com.sevenmartsupermarket.tests.ManageDeliveryBoyTest</div> <!-- chronological-class-name -->
              <div class="test-method">
                <img src="failed.png">
                </img>
                <span class="method-name">verifyDeliveryBoyWithDataProvider(DeliveryBoy1, deliveryBoy1@test.com, 679597, Address1, Deliveryboy1234, paswrd)</span>
                <span class="method-start">139862 ms</span>
              </div> <!-- test-method -->
            </div> <!-- chronological-class -->
            <div class="chronological-class">
              <div class="chronological-class-name">com.sevenmartsupermarket.tests.ManagePagesTest</div> <!-- chronological-class-name -->
              <div class="test-method">
                <span class="method-name">verifySearchPages</span>
                <span class="method-start">140864 ms</span>
              </div> <!-- test-method -->
              <div class="configuration-method after">
                <span class="method-name">terminateBrowser([TestResult name=verifySearchPages status=SUCCESS method=ManagePagesTest.verifySearchPages()[pri:0, ...)</span>
                <span class="method-start">145164 ms</span>
              </div> <!-- configuration-method after -->
            </div> <!-- chronological-class -->
            <div class="chronological-class">
              <div class="chronological-class-name">com.sevenmartsupermarket.tests.ManageDeliveryBoyTest</div> <!-- chronological-class-name -->
              <div class="configuration-method after">
                <span class="method-name">terminateBrowser([TestResult name=verifyDeliveryBoyWithDataProvider status=FAILURE method=ManageDeliveryBoyTest.verif...)</span>
                <span class="method-start">157931 ms</span>
              </div> <!-- configuration-method after -->
            </div> <!-- chronological-class -->
            <div class="chronological-class">
              <div class="chronological-class-name">com.sevenmartsupermarket.tests.ManageSliderTest</div> <!-- chronological-class-name -->
              <div class="configuration-method before">
                <span class="method-name">launchBrowser</span>
                <span class="method-start">158351 ms</span>
              </div> <!-- configuration-method before -->
              <div class="test-method">
                <img src="failed.png">
                </img>
                <span class="method-name">verifyLinkStatus</span>
                <span class="method-start">161083 ms</span>
              </div> <!-- test-method -->
              <div class="configuration-method after">
                <span class="method-name">terminateBrowser([TestResult name=verifyLinkStatus status=FAILURE method=ManageSliderTest.verifyLinkStatus()[pri:0, i...)</span>
                <span class="method-start">165418 ms</span>
              </div> <!-- configuration-method after -->
              <div class="configuration-method before">
                <span class="method-name">launchBrowser</span>
                <span class="method-start">165901 ms</span>
              </div> <!-- configuration-method before -->
              <div class="test-method">
                <span class="method-name">verifyNewSliderCreation(slideimage.jpg, https:\sevemmart.com)</span>
                <span class="method-start">168670 ms</span>
              </div> <!-- test-method -->
              <div class="configuration-method after">
                <span class="method-name">terminateBrowser([TestResult name=verifyNewSliderCreation status=SUCCESS method=ManageSliderTest.verifyNewSliderCreat...)</span>
                <span class="method-start">171949 ms</span>
              </div> <!-- configuration-method after -->
              <div class="configuration-method before">
                <span class="method-name">launchBrowser</span>
                <span class="method-start">172166 ms</span>
              </div> <!-- configuration-method before -->
              <div class="test-method">
                <span class="method-name">verifyNewSliderCreation(Beautiful.jpg, https:\grocery.com)</span>
                <span class="method-start">175333 ms</span>
              </div> <!-- test-method -->
              <div class="configuration-method after">
                <span class="method-name">terminateBrowser([TestResult name=verifyNewSliderCreation status=SUCCESS method=ManageSliderTest.verifyNewSliderCreat...)</span>
                <span class="method-start">178674 ms</span>
              </div> <!-- configuration-method after -->
              <div class="configuration-method before">
                <span class="method-name">launchBrowser</span>
                <span class="method-start">178890 ms</span>
              </div> <!-- configuration-method before -->
              <div class="test-method">
                <span class="method-name">verifyNewSliderCreation(slideimage.jpg, https://grocerysevenmart.com)</span>
                <span class="method-start">181438 ms</span>
              </div> <!-- test-method -->
              <div class="configuration-method after">
                <span class="method-name">terminateBrowser([TestResult name=verifyNewSliderCreation status=SUCCESS method=ManageSliderTest.verifyNewSliderCreat...)</span>
                <span class="method-start">185079 ms</span>
              </div> <!-- configuration-method after -->
          </div> <!-- main-panel-content rounded-window-bottom -->
        </div> <!-- panel -->
      </div> <!-- main-panel-root -->
    </div> <!-- wrapper -->
  </body>
<script type="text/javascript" src="testng-reports2.js"></script>
</html>
